<?xml version="1.0" encoding="UTF-8"?>
<testsuite xmlns:xsi="http://www.w3.org/2001/XMLSchema-instance" xsi:noNamespaceSchemaLocation="https://maven.apache.org/surefire/maven-surefire-plugin/xsd/surefire-test-report-3.0.xsd" version="3.0" name="com.simtrade.common.CommonApplicationTests" time="7.227" tests="1" errors="0" skipped="0" failures="0">
  <properties>
[...]
</properties>
  <testcase name="contextLoads" classname="com.simtrade.common.CommonApplicationTests" time="0.594">
    <system-out><![CDATA[23:13:34.199 [main] INFO org.springframework.test.context.support.AnnotationConfigContextLoaderUtils -- Could not detect default configuration classes for test class [com.simtrade.common.CommonApplicationTests]: CommonApplicationTests does not declare any static, non-private, non-final, nested classes annotated with @Configuration.
23:13:34.328 [main] INFO org.springframework.boot.test.context.SpringBootTestContextBootstrapper -- Found @SpringBootConfiguration com.simtrade.common.CommonApplication for test class com.simtrade.common.CommonApplicationTests

  .   ____          _            __ _ _
 /\\ / ___'_ __ _ _(_)_ __  __ _ \ \ \ \
( ( )\___ | '_ | '_| | '_ \/ _` | \ \ \ \
 \\/  ___)| |_)| | | | | || (_| |  ) ) ) )
  '  |____| .__|_| |_|_| |_\__, | / / / /
 =========|_|==============|___/=/_/_/_/
 :: Spring Boot ::                (v3.2.5)

2025-05-18T23:13:34.849+01:00  INFO 3983516 --- [market-service] [           main] c.s.common.CommonApplicationTests        : Starting CommonApplicationTests using Java 17.0.14 with PID 3983516 (started by rumike in /home/rumike/Documents/AE/SimTrade/common)
2025-05-18T23:13:34.851+01:00  INFO 3983516 --- [market-service] [           main] c.s.common.CommonApplicationTests        : No active profile set, falling back to 1 default profile: "default"
2025-05-18T23:13:35.726+01:00  INFO 3983516 --- [market-service] [           main] .s.d.r.c.RepositoryConfigurationDelegate : Bootstrapping Spring Data JPA repositories in DEFAULT mode.
2025-05-18T23:13:35.793+01:00  INFO 3983516 --- [market-service] [           main] .s.d.r.c.RepositoryConfigurationDelegate : Finished Spring Data repository scanning in 59 ms. Found 1 JPA repository interface.
2025-05-18T23:13:36.470+01:00  INFO 3983516 --- [market-service] [           main] o.hibernate.jpa.internal.util.LogHelper  : HHH000204: Processing PersistenceUnitInfo [name: default]
2025-05-18T23:13:36.532+01:00  INFO 3983516 --- [market-service] [           main] org.hibernate.Version                    : HHH000412: Hibernate ORM core version 6.4.4.Final
2025-05-18T23:13:36.576+01:00  INFO 3983516 --- [market-service] [           main] o.h.c.internal.RegionFactoryInitiator    : HHH000026: Second-level cache disabled
2025-05-18T23:13:36.862+01:00  INFO 3983516 --- [market-service] [           main] o.s.o.j.p.SpringPersistenceUnitInfo      : No LoadTimeWeaver setup: ignoring JPA class transformer
2025-05-18T23:13:36.899+01:00  INFO 3983516 --- [market-service] [           main] com.zaxxer.hikari.HikariDataSource       : HikariPool-1 - Starting...
2025-05-18T23:13:37.168+01:00  INFO 3983516 --- [market-service] [           main] com.zaxxer.hikari.pool.HikariPool        : HikariPool-1 - Added connection org.postgresql.jdbc.PgConnection@60fc7f43
2025-05-18T23:13:37.171+01:00  INFO 3983516 --- [market-service] [           main] com.zaxxer.hikari.HikariDataSource       : HikariPool-1 - Start completed.
2025-05-18T23:13:37.217+01:00  WARN 3983516 --- [market-service] [           main] org.hibernate.orm.deprecation            : HHH90000025: PostgreSQLDialect does not need to be specified explicitly using 'hibernate.dialect' (remove the property setting and it will be selected by default)
2025-05-18T23:13:38.638+01:00  INFO 3983516 --- [market-service] [           main] o.h.e.t.j.p.i.JtaPlatformInitiator       : HHH000489: No JTA platform available (set 'hibernate.transaction.jta.platform' to enable JTA platform integration)
2025-05-18T23:13:38.755+01:00  INFO 3983516 --- [market-service] [           main] j.LocalContainerEntityManagerFactoryBean : Initialized JPA EntityManagerFactory for persistence unit 'default'
2025-05-18T23:13:39.702+01:00  WARN 3983516 --- [market-service] [           main] JpaBaseConfiguration$JpaWebConfiguration : spring.jpa.open-in-view is enabled by default. Therefore, database queries may be performed during view rendering. Explicitly configure spring.jpa.open-in-view to disable this warning
2025-05-18T23:13:39.727+01:00 DEBUG 3983516 --- [market-service] [           main] swordEncoderAuthenticationManagerBuilder : No authenticationProviders and no parentAuthenticationManager defined. Returning null.
2025-05-18T23:13:40.181+01:00  INFO 3983516 --- [market-service] [           main] o.s.s.web.DefaultSecurityFilterChain     : Will secure any request with [org.springframework.security.web.session.DisableEncodeUrlFilter@7fd624f5, org.springframework.security.web.context.request.async.WebAsyncManagerIntegrationFilter@1cafb30, org.springframework.security.web.context.SecurityContextHolderFilter@1c8da7e8, org.springframework.security.web.header.HeaderWriterFilter@c50503e, org.springframework.web.filter.CorsFilter@5cc28282, org.springframework.security.web.authentication.logout.LogoutFilter@4a234e1f, com.simtrade.common.config.JwtAuthenticationFilter@30be6a05, org.springframework.security.web.savedrequest.RequestCacheAwareFilter@6c79a7c1, org.springframework.security.web.servletapi.SecurityContextHolderAwareRequestFilter@5d160056, org.springframework.security.web.authentication.AnonymousAuthenticationFilter@5a0b925a, org.springframework.security.web.session.SessionManagementFilter@caee26e, org.springframework.security.web.access.ExceptionTranslationFilter@38f7a20, org.springframework.security.web.access.intercept.AuthorizationFilter@4c364a9d]
2025-05-18T23:13:40.631+01:00  INFO 3983516 --- [market-service] [           main] o.s.m.s.b.SimpleBrokerMessageHandler     : Starting...
2025-05-18T23:13:40.634+01:00  INFO 3983516 --- [market-service] [           main] o.s.m.s.b.SimpleBrokerMessageHandler     : BrokerAvailabilityEvent[available=true, SimpleBrokerMessageHandler [org.springframework.messaging.simp.broker.DefaultSubscriptionRegistry@10f64bc3]]
2025-05-18T23:13:40.635+01:00  INFO 3983516 --- [market-service] [           main] o.s.m.s.b.SimpleBrokerMessageHandler     : Started.
2025-05-18T23:13:40.645+01:00  INFO 3983516 --- [market-service] [           main] c.s.common.CommonApplicationTests        : Started CommonApplicationTests in 6.129 seconds (process running for 7.466)
]]></system-out>
  </testcase>
</testsuite>