<?xml version="1.0" encoding="UTF-8"?>
<testsuite xmlns:xsi="http://www.w3.org/2001/XMLSchema-instance" xsi:noNamespaceSchemaLocation="https://maven.apache.org/surefire/maven-surefire-plugin/xsd/surefire-test-report-3.0.xsd" version="3.0" name="com.simtrade.user_service.UserServiceApplicationTests" time="10.267" tests="1" errors="0" skipped="0" failures="0">
  <properties>
[...]
</properties>
  <testcase name="contextLoads" classname="com.simtrade.user_service.UserServiceApplicationTests" time="0.974">
    <system-out><![CDATA[23:13:44.920 [main] INFO org.springframework.test.context.support.AnnotationConfigContextLoaderUtils -- Could not detect default configuration classes for test class [com.simtrade.user_service.UserServiceApplicationTests]: UserServiceApplicationTests does not declare any static, non-private, non-final, nested classes annotated with @Configuration.
23:13:45.016 [main] INFO org.springframework.boot.test.context.SpringBootTestContextBootstrapper -- Found @SpringBootConfiguration com.simtrade.user_service.UserServiceApplication for test class com.simtrade.user_service.UserServiceApplicationTests

  .   ____          _            __ _ _
 /\\ / ___'_ __ _ _(_)_ __  __ _ \ \ \ \
( ( )\___ | '_ | '_| | '_ \/ _` | \ \ \ \
 \\/  ___)| |_)| | | | | || (_| |  ) ) ) )
  '  |____| .__|_| |_|_| |_\__, | / / / /
 =========|_|==============|___/=/_/_/_/
 :: Spring Boot ::                (v3.2.5)

2025-05-18T23:13:45.601+01:00  INFO 3983706 --- [user-service] [           main] c.s.u.UserServiceApplicationTests        : Starting UserServiceApplicationTests using Java 17.0.14 with PID 3983706 (started by rumike in /home/rumike/Documents/AE/SimTrade/user_service)
2025-05-18T23:13:45.602+01:00 DEBUG 3983706 --- [user-service] [           main] c.s.u.UserServiceApplicationTests        : Running with Spring Boot v3.2.5, Spring v6.1.6
2025-05-18T23:13:45.603+01:00  INFO 3983706 --- [user-service] [           main] c.s.u.UserServiceApplicationTests        : No active profile set, falling back to 1 default profile: "default"
2025-05-18T23:13:46.831+01:00  INFO 3983706 --- [user-service] [           main] .s.d.r.c.RepositoryConfigurationDelegate : Multiple Spring Data modules found, entering strict repository configuration mode
2025-05-18T23:13:46.833+01:00  INFO 3983706 --- [user-service] [           main] .s.d.r.c.RepositoryConfigurationDelegate : Bootstrapping Spring Data JPA repositories in DEFAULT mode.
2025-05-18T23:13:46.993+01:00  INFO 3983706 --- [user-service] [           main] .s.d.r.c.RepositoryConfigurationDelegate : Finished Spring Data repository scanning in 151 ms. Found 3 JPA repository interfaces.
2025-05-18T23:13:47.014+01:00  INFO 3983706 --- [user-service] [           main] .s.d.r.c.RepositoryConfigurationDelegate : Multiple Spring Data modules found, entering strict repository configuration mode
2025-05-18T23:13:47.015+01:00  INFO 3983706 --- [user-service] [           main] .s.d.r.c.RepositoryConfigurationDelegate : Bootstrapping Spring Data Redis repositories in DEFAULT mode.
2025-05-18T23:13:47.029+01:00  INFO 3983706 --- [user-service] [           main] .RepositoryConfigurationExtensionSupport : Spring Data Redis - Could not safely identify store assignment for repository candidate interface com.simtrade.common.repository.SystemStateRepository; If you want this repository to be a Redis repository, consider annotating your entities with one of these annotations: org.springframework.data.redis.core.RedisHash (preferred), or consider extending one of the following types with your repository: org.springframework.data.keyvalue.repository.KeyValueRepository
2025-05-18T23:13:47.033+01:00  INFO 3983706 --- [user-service] [           main] .RepositoryConfigurationExtensionSupport : Spring Data Redis - Could not safely identify store assignment for repository candidate interface com.simtrade.user_service.repository.LeaderboardSnapshotRepository; If you want this repository to be a Redis repository, consider annotating your entities with one of these annotations: org.springframework.data.redis.core.RedisHash (preferred), or consider extending one of the following types with your repository: org.springframework.data.keyvalue.repository.KeyValueRepository
2025-05-18T23:13:47.033+01:00  INFO 3983706 --- [user-service] [           main] .RepositoryConfigurationExtensionSupport : Spring Data Redis - Could not safely identify store assignment for repository candidate interface com.simtrade.user_service.repository.UserRepository; If you want this repository to be a Redis repository, consider annotating your entities with one of these annotations: org.springframework.data.redis.core.RedisHash (preferred), or consider extending one of the following types with your repository: org.springframework.data.keyvalue.repository.KeyValueRepository
2025-05-18T23:13:47.034+01:00  INFO 3983706 --- [user-service] [           main] .s.d.r.c.RepositoryConfigurationDelegate : Finished Spring Data repository scanning in 9 ms. Found 0 Redis repository interfaces.
2025-05-18T23:13:47.818+01:00  INFO 3983706 --- [user-service] [           main] o.hibernate.jpa.internal.util.LogHelper  : HHH000204: Processing PersistenceUnitInfo [name: default]
2025-05-18T23:13:47.880+01:00  INFO 3983706 --- [user-service] [           main] org.hibernate.Version                    : HHH000412: Hibernate ORM core version 6.4.4.Final
2025-05-18T23:13:47.918+01:00  INFO 3983706 --- [user-service] [           main] o.h.c.internal.RegionFactoryInitiator    : HHH000026: Second-level cache disabled
2025-05-18T23:13:48.146+01:00  INFO 3983706 --- [user-service] [           main] o.s.o.j.p.SpringPersistenceUnitInfo      : No LoadTimeWeaver setup: ignoring JPA class transformer
2025-05-18T23:13:48.174+01:00  INFO 3983706 --- [user-service] [           main] com.zaxxer.hikari.HikariDataSource       : HikariPool-1 - Starting...
2025-05-18T23:13:48.418+01:00  INFO 3983706 --- [user-service] [           main] com.zaxxer.hikari.pool.HikariPool        : HikariPool-1 - Added connection org.postgresql.jdbc.PgConnection@fe08eaf
2025-05-18T23:13:48.421+01:00  INFO 3983706 --- [user-service] [           main] com.zaxxer.hikari.HikariDataSource       : HikariPool-1 - Start completed.
2025-05-18T23:13:48.474+01:00  WARN 3983706 --- [user-service] [           main] org.hibernate.orm.deprecation            : HHH90000025: PostgreSQLDialect does not need to be specified explicitly using 'hibernate.dialect' (remove the property setting and it will be selected by default)
2025-05-18T23:13:49.722+01:00  INFO 3983706 --- [user-service] [           main] o.h.e.t.j.p.i.JtaPlatformInitiator       : HHH000489: No JTA platform available (set 'hibernate.transaction.jta.platform' to enable JTA platform integration)
2025-05-18T23:13:49.806+01:00  WARN 3983706 --- [user-service] [           main] o.h.t.s.i.ExceptionHandlerLoggedImpl     : GenerationTarget encountered exception accepting command : Error executing DDL "alter table if exists public.users add column total_deposits numeric(38,2) not null" via JDBC [ERROR: column "total_deposits" of relation "users" contains null values]

org.hibernate.tool.schema.spi.CommandAcceptanceException: Error executing DDL "alter table if exists public.users add column total_deposits numeric(38,2) not null" via JDBC [ERROR: column "total_deposits" of relation "users" contains null values]
	at org.hibernate.tool.schema.internal.exec.GenerationTargetToDatabase.accept(GenerationTargetToDatabase.java:94) ~[hibernate-core-6.4.4.Final.jar:6.4.4.Final]
	at org.hibernate.tool.schema.internal.AbstractSchemaMigrator.applySqlString(AbstractSchemaMigrator.java:574) ~[hibernate-core-6.4.4.Final.jar:6.4.4.Final]
	at org.hibernate.tool.schema.internal.AbstractSchemaMigrator.applySqlStrings(AbstractSchemaMigrator.java:514) ~[hibernate-core-6.4.4.Final.jar:6.4.4.Final]
	at org.hibernate.tool.schema.internal.AbstractSchemaMigrator.migrateTable(AbstractSchemaMigrator.java:333) ~[hibernate-core-6.4.4.Final.jar:6.4.4.Final]
	at org.hibernate.tool.schema.internal.GroupedSchemaMigratorImpl.performTablesMigration(GroupedSchemaMigratorImpl.java:84) ~[hibernate-core-6.4.4.Final.jar:6.4.4.Final]
	at org.hibernate.tool.schema.internal.AbstractSchemaMigrator.performMigration(AbstractSchemaMigrator.java:232) ~[hibernate-core-6.4.4.Final.jar:6.4.4.Final]
	at org.hibernate.tool.schema.internal.AbstractSchemaMigrator.doMigration(AbstractSchemaMigrator.java:117) ~[hibernate-core-6.4.4.Final.jar:6.4.4.Final]
	at org.hibernate.tool.schema.spi.SchemaManagementToolCoordinator.performDatabaseAction(SchemaManagementToolCoordinator.java:286) ~[hibernate-core-6.4.4.Final.jar:6.4.4.Final]
	at org.hibernate.tool.schema.spi.SchemaManagementToolCoordinator.lambda$process$5(SchemaManagementToolCoordinator.java:145) ~[hibernate-core-6.4.4.Final.jar:6.4.4.Final]
	at java.base/java.util.HashMap.forEach(HashMap.java:1421) ~[na:na]
	at org.hibernate.tool.schema.spi.SchemaManagementToolCoordinator.process(SchemaManagementToolCoordinator.java:142) ~[hibernate-core-6.4.4.Final.jar:6.4.4.Final]
	at org.hibernate.boot.internal.SessionFactoryObserverForSchemaExport.sessionFactoryCreated(SessionFactoryObserverForSchemaExport.java:37) ~[hibernate-core-6.4.4.Final.jar:6.4.4.Final]
	at org.hibernate.internal.SessionFactoryObserverChain.sessionFactoryCreated(SessionFactoryObserverChain.java:35) ~[hibernate-core-6.4.4.Final.jar:6.4.4.Final]
	at org.hibernate.internal.SessionFactoryImpl.<init>(SessionFactoryImpl.java:315) ~[hibernate-core-6.4.4.Final.jar:6.4.4.Final]
	at org.hibernate.boot.internal.SessionFactoryBuilderImpl.build(SessionFactoryBuilderImpl.java:450) ~[hibernate-core-6.4.4.Final.jar:6.4.4.Final]
	at org.hibernate.jpa.boot.internal.EntityManagerFactoryBuilderImpl.build(EntityManagerFactoryBuilderImpl.java:1507) ~[hibernate-core-6.4.4.Final.jar:6.4.4.Final]
	at org.springframework.orm.jpa.vendor.SpringHibernateJpaPersistenceProvider.createContainerEntityManagerFactory(SpringHibernateJpaPersistenceProvider.java:75) ~[spring-orm-6.1.6.jar:6.1.6]
	at org.springframework.orm.jpa.LocalContainerEntityManagerFactoryBean.createNativeEntityManagerFactory(LocalContainerEntityManagerFactoryBean.java:390) ~[spring-orm-6.1.6.jar:6.1.6]
	at org.springframework.orm.jpa.AbstractEntityManagerFactoryBean.buildNativeEntityManagerFactory(AbstractEntityManagerFactoryBean.java:409) ~[spring-orm-6.1.6.jar:6.1.6]
	at org.springframework.orm.jpa.AbstractEntityManagerFactoryBean.afterPropertiesSet(AbstractEntityManagerFactoryBean.java:396) ~[spring-orm-6.1.6.jar:6.1.6]
	at org.springframework.orm.jpa.LocalContainerEntityManagerFactoryBean.afterPropertiesSet(LocalContainerEntityManagerFactoryBean.java:366) ~[spring-orm-6.1.6.jar:6.1.6]
	at org.springframework.beans.factory.support.AbstractAutowireCapableBeanFactory.invokeInitMethods(AbstractAutowireCapableBeanFactory.java:1833) ~[spring-beans-6.1.6.jar:6.1.6]
	at org.springframework.beans.factory.support.AbstractAutowireCapableBeanFactory.initializeBean(AbstractAutowireCapableBeanFactory.java:1782) ~[spring-beans-6.1.6.jar:6.1.6]
	at org.springframework.beans.factory.support.AbstractAutowireCapableBeanFactory.doCreateBean(AbstractAutowireCapableBeanFactory.java:600) ~[spring-beans-6.1.6.jar:6.1.6]
	at org.springframework.beans.factory.support.AbstractAutowireCapableBeanFactory.createBean(AbstractAutowireCapableBeanFactory.java:522) ~[spring-beans-6.1.6.jar:6.1.6]
	at org.springframework.beans.factory.support.AbstractBeanFactory.lambda$doGetBean$0(AbstractBeanFactory.java:326) ~[spring-beans-6.1.6.jar:6.1.6]
	at org.springframework.beans.factory.support.DefaultSingletonBeanRegistry.getSingleton(DefaultSingletonBeanRegistry.java:234) ~[spring-beans-6.1.6.jar:6.1.6]
	at org.springframework.beans.factory.support.AbstractBeanFactory.doGetBean(AbstractBeanFactory.java:324) ~[spring-beans-6.1.6.jar:6.1.6]
	at org.springframework.beans.factory.support.AbstractBeanFactory.getBean(AbstractBeanFactory.java:200) ~[spring-beans-6.1.6.jar:6.1.6]
	at org.springframework.context.support.AbstractApplicationContext.getBean(AbstractApplicationContext.java:1234) ~[spring-context-6.1.6.jar:6.1.6]
	at org.springframework.context.support.AbstractApplicationContext.finishBeanFactoryInitialization(AbstractApplicationContext.java:952) ~[spring-context-6.1.6.jar:6.1.6]
	at org.springframework.context.support.AbstractApplicationContext.refresh(AbstractApplicationContext.java:624) ~[spring-context-6.1.6.jar:6.1.6]
	at org.springframework.boot.SpringApplication.refresh(SpringApplication.java:754) ~[spring-boot-3.2.5.jar:3.2.5]
	at org.springframework.boot.SpringApplication.refreshContext(SpringApplication.java:456) ~[spring-boot-3.2.5.jar:3.2.5]
	at org.springframework.boot.SpringApplication.run(SpringApplication.java:334) ~[spring-boot-3.2.5.jar:3.2.5]
	at org.springframework.boot.test.context.SpringBootContextLoader.lambda$loadContext$3(SpringBootContextLoader.java:137) ~[spring-boot-test-3.2.5.jar:3.2.5]
	at org.springframework.util.function.ThrowingSupplier.get(ThrowingSupplier.java:58) ~[spring-core-6.1.6.jar:6.1.6]
	at org.springframework.util.function.ThrowingSupplier.get(ThrowingSupplier.java:46) ~[spring-core-6.1.6.jar:6.1.6]
	at org.springframework.boot.SpringApplication.withHook(SpringApplication.java:1454) ~[spring-boot-3.2.5.jar:3.2.5]
	at org.springframework.boot.test.context.SpringBootContextLoader$ContextLoaderHook.run(SpringBootContextLoader.java:553) ~[spring-boot-test-3.2.5.jar:3.2.5]
	at org.springframework.boot.test.context.SpringBootContextLoader.loadContext(SpringBootContextLoader.java:137) ~[spring-boot-test-3.2.5.jar:3.2.5]
	at org.springframework.boot.test.context.SpringBootContextLoader.loadContext(SpringBootContextLoader.java:108) ~[spring-boot-test-3.2.5.jar:3.2.5]
	at org.springframework.test.context.cache.DefaultCacheAwareContextLoaderDelegate.loadContextInternal(DefaultCacheAwareContextLoaderDelegate.java:225) ~[spring-test-6.1.6.jar:6.1.6]
	at org.springframework.test.context.cache.DefaultCacheAwareContextLoaderDelegate.loadContext(DefaultCacheAwareContextLoaderDelegate.java:152) ~[spring-test-6.1.6.jar:6.1.6]
	at org.springframework.test.context.support.DefaultTestContext.getApplicationContext(DefaultTestContext.java:130) ~[spring-test-6.1.6.jar:6.1.6]
	at org.springframework.test.context.web.ServletTestExecutionListener.setUpRequestContextIfNecessary(ServletTestExecutionListener.java:191) ~[spring-test-6.1.6.jar:6.1.6]
	at org.springframework.test.context.web.ServletTestExecutionListener.prepareTestInstance(ServletTestExecutionListener.java:130) ~[spring-test-6.1.6.jar:6.1.6]
	at org.springframework.test.context.TestContextManager.prepareTestInstance(TestContextManager.java:260) ~[spring-test-6.1.6.jar:6.1.6]
	at org.springframework.test.context.junit.jupiter.SpringExtension.postProcessTestInstance(SpringExtension.java:163) ~[spring-test-6.1.6.jar:6.1.6]
	at org.junit.jupiter.engine.descriptor.ClassBasedTestDescriptor.lambda$invokeTestInstancePostProcessors$10(ClassBasedTestDescriptor.java:378) ~[junit-jupiter-engine-5.10.2.jar:5.10.2]
	at org.junit.jupiter.engine.descriptor.ClassBasedTestDescriptor.executeAndMaskThrowable(ClassBasedTestDescriptor.java:383) ~[junit-jupiter-engine-5.10.2.jar:5.10.2]
	at org.junit.jupiter.engine.descriptor.ClassBasedTestDescriptor.lambda$invokeTestInstancePostProcessors$11(ClassBasedTestDescriptor.java:378) ~[junit-jupiter-engine-5.10.2.jar:5.10.2]
	at java.base/java.util.stream.ReferencePipeline$3$1.accept(ReferencePipeline.java:197) ~[na:na]
	at java.base/java.util.stream.ReferencePipeline$2$1.accept(ReferencePipeline.java:179) ~[na:na]
	at java.base/java.util.ArrayList$ArrayListSpliterator.forEachRemaining(ArrayList.java:1625) ~[na:na]
	at java.base/java.util.stream.AbstractPipeline.copyInto(AbstractPipeline.java:509) ~[na:na]
	at java.base/java.util.stream.AbstractPipeline.wrapAndCopyInto(AbstractPipeline.java:499) ~[na:na]
	at java.base/java.util.stream.StreamSpliterators$WrappingSpliterator.forEachRemaining(StreamSpliterators.java:310) ~[na:na]
	at java.base/java.util.stream.Streams$ConcatSpliterator.forEachRemaining(Streams.java:735) ~[na:na]
	at java.base/java.util.stream.Streams$ConcatSpliterator.forEachRemaining(Streams.java:734) ~[na:na]
	at java.base/java.util.stream.ReferencePipeline$Head.forEach(ReferencePipeline.java:762) ~[na:na]
	at org.junit.jupiter.engine.descriptor.ClassBasedTestDescriptor.invokeTestInstancePostProcessors(ClassBasedTestDescriptor.java:377) ~[junit-jupiter-engine-5.10.2.jar:5.10.2]
	at org.junit.jupiter.engine.descriptor.ClassBasedTestDescriptor.lambda$instantiateAndPostProcessTestInstance$6(ClassBasedTestDescriptor.java:290) ~[junit-jupiter-engine-5.10.2.jar:5.10.2]
	at org.junit.platform.engine.support.hierarchical.ThrowableCollector.execute(ThrowableCollector.java:73) ~[junit-platform-engine-1.10.2.jar:1.10.2]
	at org.junit.jupiter.engine.descriptor.ClassBasedTestDescriptor.instantiateAndPostProcessTestInstance(ClassBasedTestDescriptor.java:289) ~[junit-jupiter-engine-5.10.2.jar:5.10.2]
	at org.junit.jupiter.engine.descriptor.ClassBasedTestDescriptor.lambda$testInstancesProvider$4(ClassBasedTestDescriptor.java:279) ~[junit-jupiter-engine-5.10.2.jar:5.10.2]
	at java.base/java.util.Optional.orElseGet(Optional.java:364) ~[na:na]
	at org.junit.jupiter.engine.descriptor.ClassBasedTestDescriptor.lambda$testInstancesProvider$5(ClassBasedTestDescriptor.java:278) ~[junit-jupiter-engine-5.10.2.jar:5.10.2]
	at org.junit.jupiter.engine.execution.TestInstancesProvider.getTestInstances(TestInstancesProvider.java:31) ~[junit-jupiter-engine-5.10.2.jar:5.10.2]
	at org.junit.jupiter.engine.descriptor.TestMethodTestDescriptor.lambda$prepare$0(TestMethodTestDescriptor.java:106) ~[junit-jupiter-engine-5.10.2.jar:5.10.2]
	at org.junit.platform.engine.support.hierarchical.ThrowableCollector.execute(ThrowableCollector.java:73) ~[junit-platform-engine-1.10.2.jar:1.10.2]
	at org.junit.jupiter.engine.descriptor.TestMethodTestDescriptor.prepare(TestMethodTestDescriptor.java:105) ~[junit-jupiter-engine-5.10.2.jar:5.10.2]
	at org.junit.jupiter.engine.descriptor.TestMethodTestDescriptor.prepare(TestMethodTestDescriptor.java:69) ~[junit-jupiter-engine-5.10.2.jar:5.10.2]
	at org.junit.platform.engine.support.hierarchical.NodeTestTask.lambda$prepare$2(NodeTestTask.java:123) ~[junit-platform-engine-1.10.2.jar:1.10.2]
	at org.junit.platform.engine.support.hierarchical.ThrowableCollector.execute(ThrowableCollector.java:73) ~[junit-platform-engine-1.10.2.jar:1.10.2]
	at org.junit.platform.engine.support.hierarchical.NodeTestTask.prepare(NodeTestTask.java:123) ~[junit-platform-engine-1.10.2.jar:1.10.2]
	at org.junit.platform.engine.support.hierarchical.NodeTestTask.execute(NodeTestTask.java:90) ~[junit-platform-engine-1.10.2.jar:1.10.2]
	at java.base/java.util.ArrayList.forEach(ArrayList.java:1511) ~[na:na]
	at org.junit.platform.engine.support.hierarchical.SameThreadHierarchicalTestExecutorService.invokeAll(SameThreadHierarchicalTestExecutorService.java:41) ~[junit-platform-engine-1.10.2.jar:1.10.2]
	at org.junit.platform.engine.support.hierarchical.NodeTestTask.lambda$executeRecursively$6(NodeTestTask.java:155) ~[junit-platform-engine-1.10.2.jar:1.10.2]
	at org.junit.platform.engine.support.hierarchical.ThrowableCollector.execute(ThrowableCollector.java:73) ~[junit-platform-engine-1.10.2.jar:1.10.2]
	at org.junit.platform.engine.support.hierarchical.NodeTestTask.lambda$executeRecursively$8(NodeTestTask.java:141) ~[junit-platform-engine-1.10.2.jar:1.10.2]
	at org.junit.platform.engine.support.hierarchical.Node.around(Node.java:137) ~[junit-platform-engine-1.10.2.jar:1.10.2]
	at org.junit.platform.engine.support.hierarchical.NodeTestTask.lambda$executeRecursively$9(NodeTestTask.java:139) ~[junit-platform-engine-1.10.2.jar:1.10.2]
	at org.junit.platform.engine.support.hierarchical.ThrowableCollector.execute(ThrowableCollector.java:73) ~[junit-platform-engine-1.10.2.jar:1.10.2]
	at org.junit.platform.engine.support.hierarchical.NodeTestTask.executeRecursively(NodeTestTask.java:138) ~[junit-platform-engine-1.10.2.jar:1.10.2]
	at org.junit.platform.engine.support.hierarchical.NodeTestTask.execute(NodeTestTask.java:95) ~[junit-platform-engine-1.10.2.jar:1.10.2]
	at java.base/java.util.ArrayList.forEach(ArrayList.java:1511) ~[na:na]
	at org.junit.platform.engine.support.hierarchical.SameThreadHierarchicalTestExecutorService.invokeAll(SameThreadHierarchicalTestExecutorService.java:41) ~[junit-platform-engine-1.10.2.jar:1.10.2]
	at org.junit.platform.engine.support.hierarchical.NodeTestTask.lambda$executeRecursively$6(NodeTestTask.java:155) ~[junit-platform-engine-1.10.2.jar:1.10.2]
	at org.junit.platform.engine.support.hierarchical.ThrowableCollector.execute(ThrowableCollector.java:73) ~[junit-platform-engine-1.10.2.jar:1.10.2]
	at org.junit.platform.engine.support.hierarchical.NodeTestTask.lambda$executeRecursively$8(NodeTestTask.java:141) ~[junit-platform-engine-1.10.2.jar:1.10.2]
	at org.junit.platform.engine.support.hierarchical.Node.around(Node.java:137) ~[junit-platform-engine-1.10.2.jar:1.10.2]
	at org.junit.platform.engine.support.hierarchical.NodeTestTask.lambda$executeRecursively$9(NodeTestTask.java:139) ~[junit-platform-engine-1.10.2.jar:1.10.2]
	at org.junit.platform.engine.support.hierarchical.ThrowableCollector.execute(ThrowableCollector.java:73) ~[junit-platform-engine-1.10.2.jar:1.10.2]
	at org.junit.platform.engine.support.hierarchical.NodeTestTask.executeRecursively(NodeTestTask.java:138) ~[junit-platform-engine-1.10.2.jar:1.10.2]
	at org.junit.platform.engine.support.hierarchical.NodeTestTask.execute(NodeTestTask.java:95) ~[junit-platform-engine-1.10.2.jar:1.10.2]
	at org.junit.platform.engine.support.hierarchical.SameThreadHierarchicalTestExecutorService.submit(SameThreadHierarchicalTestExecutorService.java:35) ~[junit-platform-engine-1.10.2.jar:1.10.2]
	at org.junit.platform.engine.support.hierarchical.HierarchicalTestExecutor.execute(HierarchicalTestExecutor.java:57) ~[junit-platform-engine-1.10.2.jar:1.10.2]
	at org.junit.platform.engine.support.hierarchical.HierarchicalTestEngine.execute(HierarchicalTestEngine.java:54) ~[junit-platform-engine-1.10.2.jar:1.10.2]
	at org.junit.platform.launcher.core.EngineExecutionOrchestrator.execute(EngineExecutionOrchestrator.java:198) ~[junit-platform-launcher-1.10.2.jar:1.10.2]
	at org.junit.platform.launcher.core.EngineExecutionOrchestrator.execute(EngineExecutionOrchestrator.java:169) ~[junit-platform-launcher-1.10.2.jar:1.10.2]
	at org.junit.platform.launcher.core.EngineExecutionOrchestrator.execute(EngineExecutionOrchestrator.java:93) ~[junit-platform-launcher-1.10.2.jar:1.10.2]
	at org.junit.platform.launcher.core.EngineExecutionOrchestrator.lambda$execute$0(EngineExecutionOrchestrator.java:58) ~[junit-platform-launcher-1.10.2.jar:1.10.2]
	at org.junit.platform.launcher.core.EngineExecutionOrchestrator.withInterceptedStreams(EngineExecutionOrchestrator.java:141) ~[junit-platform-launcher-1.10.2.jar:1.10.2]
	at org.junit.platform.launcher.core.EngineExecutionOrchestrator.execute(EngineExecutionOrchestrator.java:57) ~[junit-platform-launcher-1.10.2.jar:1.10.2]
	at org.junit.platform.launcher.core.DefaultLauncher.execute(DefaultLauncher.java:103) ~[junit-platform-launcher-1.10.2.jar:1.10.2]
	at org.junit.platform.launcher.core.DefaultLauncher.execute(DefaultLauncher.java:85) ~[junit-platform-launcher-1.10.2.jar:1.10.2]
	at org.junit.platform.launcher.core.DelegatingLauncher.execute(DelegatingLauncher.java:47) ~[junit-platform-launcher-1.10.2.jar:1.10.2]
	at org.apache.maven.surefire.junitplatform.LazyLauncher.execute(LazyLauncher.java:56) ~[surefire-junit-platform-3.1.2.jar:3.1.2]
	at org.apache.maven.surefire.junitplatform.JUnitPlatformProvider.execute(JUnitPlatformProvider.java:184) ~[surefire-junit-platform-3.1.2.jar:3.1.2]
	at org.apache.maven.surefire.junitplatform.JUnitPlatformProvider.invokeAllTests(JUnitPlatformProvider.java:148) ~[surefire-junit-platform-3.1.2.jar:3.1.2]
	at org.apache.maven.surefire.junitplatform.JUnitPlatformProvider.invoke(JUnitPlatformProvider.java:122) ~[surefire-junit-platform-3.1.2.jar:3.1.2]
	at org.apache.maven.surefire.booter.ForkedBooter.runSuitesInProcess(ForkedBooter.java:385) ~[surefire-booter-3.1.2.jar:3.1.2]
	at org.apache.maven.surefire.booter.ForkedBooter.execute(ForkedBooter.java:162) ~[surefire-booter-3.1.2.jar:3.1.2]
	at org.apache.maven.surefire.booter.ForkedBooter.run(ForkedBooter.java:507) ~[surefire-booter-3.1.2.jar:3.1.2]
	at org.apache.maven.surefire.booter.ForkedBooter.main(ForkedBooter.java:495) ~[surefire-booter-3.1.2.jar:3.1.2]
Caused by: org.postgresql.util.PSQLException: ERROR: column "total_deposits" of relation "users" contains null values
	at org.postgresql.core.v3.QueryExecutorImpl.receiveErrorResponse(QueryExecutorImpl.java:2725) ~[postgresql-42.7.3.jar:42.7.3]
	at org.postgresql.core.v3.QueryExecutorImpl.processResults(QueryExecutorImpl.java:2412) ~[postgresql-42.7.3.jar:42.7.3]
	at org.postgresql.core.v3.QueryExecutorImpl.execute(QueryExecutorImpl.java:371) ~[postgresql-42.7.3.jar:42.7.3]
	at org.postgresql.jdbc.PgStatement.executeInternal(PgStatement.java:502) ~[postgresql-42.7.3.jar:42.7.3]
	at org.postgresql.jdbc.PgStatement.execute(PgStatement.java:419) ~[postgresql-42.7.3.jar:42.7.3]
	at org.postgresql.jdbc.PgStatement.executeWithFlags(PgStatement.java:341) ~[postgresql-42.7.3.jar:42.7.3]
	at org.postgresql.jdbc.PgStatement.executeCachedSql(PgStatement.java:326) ~[postgresql-42.7.3.jar:42.7.3]
	at org.postgresql.jdbc.PgStatement.executeWithFlags(PgStatement.java:302) ~[postgresql-42.7.3.jar:42.7.3]
	at org.postgresql.jdbc.PgStatement.execute(PgStatement.java:297) ~[postgresql-42.7.3.jar:42.7.3]
	at com.zaxxer.hikari.pool.ProxyStatement.execute(ProxyStatement.java:94) ~[HikariCP-5.0.1.jar:na]
	at com.zaxxer.hikari.pool.HikariProxyStatement.execute(HikariProxyStatement.java) ~[HikariCP-5.0.1.jar:na]
	at org.hibernate.tool.schema.internal.exec.GenerationTargetToDatabase.accept(GenerationTargetToDatabase.java:80) ~[hibernate-core-6.4.4.Final.jar:6.4.4.Final]
	... 116 common frames omitted

2025-05-18T23:13:49.887+01:00  INFO 3983706 --- [user-service] [           main] j.LocalContainerEntityManagerFactoryBean : Initialized JPA EntityManagerFactory for persistence unit 'default'
2025-05-18T23:13:51.002+01:00 DEBUG 3983706 --- [user-service] [           main] KafkaListenerAnnotationBeanPostProcessor : No retry topic configuration found for topics [trade-events]
2025-05-18T23:13:51.008+01:00 DEBUG 3983706 --- [user-service] [           main] KafkaListenerAnnotationBeanPostProcessor : 1 @KafkaListener methods processed on bean 'transactionConsumer': {public void com.simtrade.user_service.service.TransactionConsumer.handleTransaction(com.simtrade.common.entity.Transaction)=[@org.springframework.kafka.annotation.KafkaListener(topicPattern="", beanRef="__listener", containerFactory="", contentTypeConverter="", topics={"trade-events"}, groupId="leaderboard-group", batch="", topicPartitions={}, clientIdPrefix="", splitIterables=true, concurrency="", autoStartup="", filter="", containerGroup="", idIsGroup=true, errorHandler="", id="", properties={}, info="")]}
2025-05-18T23:13:51.853+01:00  WARN 3983706 --- [user-service] [           main] JpaBaseConfiguration$JpaWebConfiguration : spring.jpa.open-in-view is enabled by default. Therefore, database queries may be performed during view rendering. Explicitly configure spring.jpa.open-in-view to disable this warning
2025-05-18T23:13:52.512+01:00  INFO 3983706 --- [user-service] [           main] o.s.s.web.DefaultSecurityFilterChain     : Will secure any request with [org.springframework.security.web.session.DisableEncodeUrlFilter@12639753, org.springframework.security.web.context.request.async.WebAsyncManagerIntegrationFilter@7c5a7f, org.springframework.security.web.context.SecurityContextHolderFilter@5c934077, org.springframework.security.web.header.HeaderWriterFilter@666033b1, org.springframework.web.filter.CorsFilter@5dd47c88, org.springframework.security.web.authentication.logout.LogoutFilter@2eb95662, com.simtrade.common.config.JwtAuthenticationFilter@27df971b, org.springframework.security.web.savedrequest.RequestCacheAwareFilter@13b409bb, org.springframework.security.web.servletapi.SecurityContextHolderAwareRequestFilter@9d818b5, org.springframework.security.web.authentication.AnonymousAuthenticationFilter@2087181d, org.springframework.security.web.session.SessionManagementFilter@6efa2e06, org.springframework.security.web.access.ExceptionTranslationFilter@1476e447, org.springframework.security.web.access.intercept.AuthorizationFilter@5498d2a2]
2025-05-18T23:13:53.664+01:00  INFO 3983706 --- [user-service] [           main] o.a.k.clients.consumer.ConsumerConfig    : ConsumerConfig values: 
	allow.auto.create.topics = true
	auto.commit.interval.ms = 5000
	auto.include.jmx.reporter = true
	auto.offset.reset = latest
	bootstrap.servers = [localhost:9092]
	check.crcs = true
	client.dns.lookup = use_all_dns_ips
	client.id = consumer-leaderboard-group-1
	client.rack = 
	connections.max.idle.ms = 540000
	default.api.timeout.ms = 60000
	enable.auto.commit = false
	exclude.internal.topics = true
	fetch.max.bytes = 52428800
	fetch.max.wait.ms = 500
	fetch.min.bytes = 1
	group.id = leaderboard-group
	group.instance.id = null
	heartbeat.interval.ms = 3000
	interceptor.classes = []
	internal.leave.group.on.close = true
	internal.throw.on.fetch.stable.offset.unsupported = false
	isolation.level = read_uncommitted
	key.deserializer = class org.apache.kafka.common.serialization.StringDeserializer
	max.partition.fetch.bytes = 1048576
	max.poll.interval.ms = 300000
	max.poll.records = 500
	metadata.max.age.ms = 300000
	metric.reporters = []
	metrics.num.samples = 2
	metrics.recording.level = INFO
	metrics.sample.window.ms = 30000
	partition.assignment.strategy = [class org.apache.kafka.clients.consumer.RangeAssignor, class org.apache.kafka.clients.consumer.CooperativeStickyAssignor]
	receive.buffer.bytes = 65536
	reconnect.backoff.max.ms = 1000
	reconnect.backoff.ms = 50
	request.timeout.ms = 30000
	retry.backoff.ms = 100
	sasl.client.callback.handler.class = null
	sasl.jaas.config = null
	sasl.kerberos.kinit.cmd = /usr/bin/kinit
	sasl.kerberos.min.time.before.relogin = 60000
	sasl.kerberos.service.name = null
	sasl.kerberos.ticket.renew.jitter = 0.05
	sasl.kerberos.ticket.renew.window.factor = 0.8
	sasl.login.callback.handler.class = null
	sasl.login.class = null
	sasl.login.connect.timeout.ms = null
	sasl.login.read.timeout.ms = null
	sasl.login.refresh.buffer.seconds = 300
	sasl.login.refresh.min.period.seconds = 60
	sasl.login.refresh.window.factor = 0.8
	sasl.login.refresh.window.jitter = 0.05
	sasl.login.retry.backoff.max.ms = 10000
	sasl.login.retry.backoff.ms = 100
	sasl.mechanism = GSSAPI
	sasl.oauthbearer.clock.skew.seconds = 30
	sasl.oauthbearer.expected.audience = null
	sasl.oauthbearer.expected.issuer = null
	sasl.oauthbearer.jwks.endpoint.refresh.ms = 3600000
	sasl.oauthbearer.jwks.endpoint.retry.backoff.max.ms = 10000
	sasl.oauthbearer.jwks.endpoint.retry.backoff.ms = 100
	sasl.oauthbearer.jwks.endpoint.url = null
	sasl.oauthbearer.scope.claim.name = scope
	sasl.oauthbearer.sub.claim.name = sub
	sasl.oauthbearer.token.endpoint.url = null
	security.protocol = PLAINTEXT
	security.providers = null
	send.buffer.bytes = 131072
	session.timeout.ms = 45000
	socket.connection.setup.timeout.max.ms = 30000
	socket.connection.setup.timeout.ms = 10000
	ssl.cipher.suites = null
	ssl.enabled.protocols = [TLSv1.2, TLSv1.3]
	ssl.endpoint.identification.algorithm = https
	ssl.engine.factory.class = null
	ssl.key.password = null
	ssl.keymanager.algorithm = SunX509
	ssl.keystore.certificate.chain = null
	ssl.keystore.key = null
	ssl.keystore.location = null
	ssl.keystore.password = null
	ssl.keystore.type = JKS
	ssl.protocol = TLSv1.3
	ssl.provider = null
	ssl.secure.random.implementation = null
	ssl.trustmanager.algorithm = PKIX
	ssl.truststore.certificates = null
	ssl.truststore.location = null
	ssl.truststore.password = null
	ssl.truststore.type = JKS
	value.deserializer = class org.apache.kafka.common.serialization.StringDeserializer

2025-05-18T23:13:53.672+01:00 DEBUG 3983706 --- [user-service] [           main] o.a.k.clients.consumer.KafkaConsumer     : [Consumer clientId=consumer-leaderboard-group-1, groupId=leaderboard-group] Initializing the Kafka consumer
2025-05-18T23:13:53.909+01:00  INFO 3983706 --- [user-service] [           main] o.a.kafka.common.utils.AppInfoParser     : Kafka version: 3.6.2
2025-05-18T23:13:53.910+01:00  INFO 3983706 --- [user-service] [           main] o.a.kafka.common.utils.AppInfoParser     : Kafka commitId: c4deed513057c94e
2025-05-18T23:13:53.910+01:00  INFO 3983706 --- [user-service] [           main] o.a.kafka.common.utils.AppInfoParser     : Kafka startTimeMs: 1747606433907
2025-05-18T23:13:53.912+01:00 DEBUG 3983706 --- [user-service] [           main] o.a.k.clients.consumer.KafkaConsumer     : [Consumer clientId=consumer-leaderboard-group-1, groupId=leaderboard-group] Kafka consumer initialized
2025-05-18T23:13:53.914+01:00  INFO 3983706 --- [user-service] [           main] o.a.k.clients.consumer.KafkaConsumer     : [Consumer clientId=consumer-leaderboard-group-1, groupId=leaderboard-group] Subscribed to topic(s): trade-events
2025-05-18T23:13:53.922+01:00  INFO 3983706 --- [user-service] [           main] o.s.m.s.b.SimpleBrokerMessageHandler     : Starting...
2025-05-18T23:13:53.923+01:00 DEBUG 3983706 --- [user-service] [ntainer#0-0-C-1] o.s.k.l.KafkaMessageListenerContainer    : Commit list: {}
2025-05-18T23:13:53.927+01:00  INFO 3983706 --- [user-service] [           main] o.s.m.s.b.SimpleBrokerMessageHandler     : BrokerAvailabilityEvent[available=true, SimpleBrokerMessageHandler [org.springframework.messaging.simp.broker.DefaultSubscriptionRegistry@2f96e49f]]
2025-05-18T23:13:53.928+01:00  INFO 3983706 --- [user-service] [           main] o.s.m.s.b.SimpleBrokerMessageHandler     : Started.
2025-05-18T23:13:53.929+01:00 DEBUG 3983706 --- [user-service] [ntainer#0-0-C-1] o.a.k.c.c.internals.ConsumerCoordinator  : [Consumer clientId=consumer-leaderboard-group-1, groupId=leaderboard-group] Sending FindCoordinator request to broker localhost:9092 (id: -1 rack: null)
2025-05-18T23:13:53.955+01:00  INFO 3983706 --- [user-service] [           main] c.s.u.UserServiceApplicationTests        : Started UserServiceApplicationTests in 8.753 seconds (process running for 9.915)
2025-05-18T23:13:54.394+01:00 DEBUG 3983706 --- [user-service] [ntainer#0-0-C-1] org.apache.kafka.clients.ClientUtils     : Resolved host localhost as 127.0.0.1
2025-05-18T23:13:54.394+01:00 DEBUG 3983706 --- [user-service] [ntainer#0-0-C-1] o.a.k.clients.ClusterConnectionStates    : [Consumer clientId=consumer-leaderboard-group-1, groupId=leaderboard-group] Resolved host localhost to addresses [localhost/127.0.0.1]
2025-05-18T23:13:54.395+01:00 DEBUG 3983706 --- [user-service] [ntainer#0-0-C-1] org.apache.kafka.clients.NetworkClient   : [Consumer clientId=consumer-leaderboard-group-1, groupId=leaderboard-group] Initiating connection to node localhost:9092 (id: -1 rack: null) using address localhost/127.0.0.1
2025-05-18T23:13:54.416+01:00 DEBUG 3983706 --- [user-service] [ntainer#0-0-C-1] o.apache.kafka.common.network.Selector   : [Consumer clientId=consumer-leaderboard-group-1, groupId=leaderboard-group] Connection with localhost/127.0.0.1 (channelId=-1) disconnected

java.net.ConnectException: Connection refused
	at java.base/sun.nio.ch.Net.pollConnect(Native Method) ~[na:na]
	at java.base/sun.nio.ch.Net.pollConnectNow(Net.java:672) ~[na:na]
	at java.base/sun.nio.ch.SocketChannelImpl.finishConnect(SocketChannelImpl.java:946) ~[na:na]
	at org.apache.kafka.common.network.PlaintextTransportLayer.finishConnect(PlaintextTransportLayer.java:50) ~[kafka-clients-3.6.2.jar:na]
	at org.apache.kafka.common.network.KafkaChannel.finishConnect(KafkaChannel.java:224) ~[kafka-clients-3.6.2.jar:na]
	at org.apache.kafka.common.network.Selector.pollSelectionKeys(Selector.java:526) ~[kafka-clients-3.6.2.jar:na]
	at org.apache.kafka.common.network.Selector.poll(Selector.java:481) ~[kafka-clients-3.6.2.jar:na]
	at org.apache.kafka.clients.NetworkClient.poll(NetworkClient.java:571) ~[kafka-clients-3.6.2.jar:na]
	at org.apache.kafka.clients.consumer.internals.ConsumerNetworkClient.poll(ConsumerNetworkClient.java:280) ~[kafka-clients-3.6.2.jar:na]
	at org.apache.kafka.clients.consumer.internals.ConsumerNetworkClient.poll(ConsumerNetworkClient.java:230) ~[kafka-clients-3.6.2.jar:na]
	at org.apache.kafka.clients.consumer.internals.AbstractCoordinator.ensureCoordinatorReady(AbstractCoordinator.java:265) ~[kafka-clients-3.6.2.jar:na]
	at org.apache.kafka.clients.consumer.internals.AbstractCoordinator.ensureCoordinatorReady(AbstractCoordinator.java:240) ~[kafka-clients-3.6.2.jar:na]
	at org.apache.kafka.clients.consumer.internals.ConsumerCoordinator.coordinatorUnknownAndUnreadySync(ConsumerCoordinator.java:504) ~[kafka-clients-3.6.2.jar:na]
	at org.apache.kafka.clients.consumer.internals.ConsumerCoordinator.poll(ConsumerCoordinator.java:536) ~[kafka-clients-3.6.2.jar:na]
	at org.apache.kafka.clients.consumer.KafkaConsumer.updateAssignmentMetadataIfNeeded(KafkaConsumer.java:1220) ~[kafka-clients-3.6.2.jar:na]
	at org.apache.kafka.clients.consumer.KafkaConsumer.poll(KafkaConsumer.java:1179) ~[kafka-clients-3.6.2.jar:na]
	at org.apache.kafka.clients.consumer.KafkaConsumer.poll(KafkaConsumer.java:1159) ~[kafka-clients-3.6.2.jar:na]
	at org.springframework.kafka.listener.KafkaMessageListenerContainer$ListenerConsumer.pollConsumer(KafkaMessageListenerContainer.java:1726) ~[spring-kafka-3.0.6.jar:3.0.6]
	at org.springframework.kafka.listener.KafkaMessageListenerContainer$ListenerConsumer.doPoll(KafkaMessageListenerContainer.java:1701) ~[spring-kafka-3.0.6.jar:3.0.6]
	at org.springframework.kafka.listener.KafkaMessageListenerContainer$ListenerConsumer.pollAndInvoke(KafkaMessageListenerContainer.java:1502) ~[spring-kafka-3.0.6.jar:3.0.6]
	at org.springframework.kafka.listener.KafkaMessageListenerContainer$ListenerConsumer.run(KafkaMessageListenerContainer.java:1394) ~[spring-kafka-3.0.6.jar:3.0.6]
	at java.base/java.util.concurrent.CompletableFuture$AsyncRun.run(CompletableFuture.java:1804) ~[na:na]
	at java.base/java.lang.Thread.run(Thread.java:840) ~[na:na]

2025-05-18T23:13:54.419+01:00  INFO 3983706 --- [user-service] [ntainer#0-0-C-1] org.apache.kafka.clients.NetworkClient   : [Consumer clientId=consumer-leaderboard-group-1, groupId=leaderboard-group] Node -1 disconnected.
2025-05-18T23:13:54.424+01:00  WARN 3983706 --- [user-service] [ntainer#0-0-C-1] org.apache.kafka.clients.NetworkClient   : [Consumer clientId=consumer-leaderboard-group-1, groupId=leaderboard-group] Connection to node -1 (localhost/127.0.0.1:9092) could not be established. Broker may not be available.
2025-05-18T23:13:54.424+01:00  WARN 3983706 --- [user-service] [ntainer#0-0-C-1] org.apache.kafka.clients.NetworkClient   : [Consumer clientId=consumer-leaderboard-group-1, groupId=leaderboard-group] Bootstrap broker localhost:9092 (id: -1 rack: null) disconnected
2025-05-18T23:13:54.429+01:00 DEBUG 3983706 --- [user-service] [ntainer#0-0-C-1] o.a.k.c.c.i.ConsumerNetworkClient        : [Consumer clientId=consumer-leaderboard-group-1, groupId=leaderboard-group] Cancelled request with header RequestHeader(apiKey=FIND_COORDINATOR, apiVersion=4, clientId=consumer-leaderboard-group-1, correlationId=0, headerVersion=2) due to node -1 being disconnected
2025-05-18T23:13:54.430+01:00 DEBUG 3983706 --- [user-service] [ntainer#0-0-C-1] o.a.k.c.c.internals.ConsumerCoordinator  : [Consumer clientId=consumer-leaderboard-group-1, groupId=leaderboard-group] FindCoordinator request failed due to org.apache.kafka.common.errors.DisconnectException
2025-05-18T23:13:54.431+01:00 DEBUG 3983706 --- [user-service] [ntainer#0-0-C-1] o.a.k.c.c.internals.ConsumerCoordinator  : [Consumer clientId=consumer-leaderboard-group-1, groupId=leaderboard-group] Coordinator discovery failed, refreshing metadata

org.apache.kafka.common.errors.DisconnectException: null

2025-05-18T23:13:54.520+01:00 DEBUG 3983706 --- [user-service] [ntainer#0-0-C-1] org.apache.kafka.clients.NetworkClient   : [Consumer clientId=consumer-leaderboard-group-1, groupId=leaderboard-group] Initialize connection to node localhost:9092 (id: -1 rack: null) for sending metadata request
2025-05-18T23:13:54.521+01:00 DEBUG 3983706 --- [user-service] [ntainer#0-0-C-1] org.apache.kafka.clients.ClientUtils     : Resolved host localhost as 127.0.0.1
2025-05-18T23:13:54.521+01:00 DEBUG 3983706 --- [user-service] [ntainer#0-0-C-1] o.a.k.clients.ClusterConnectionStates    : [Consumer clientId=consumer-leaderboard-group-1, groupId=leaderboard-group] Resolved host localhost to addresses [localhost/127.0.0.1]
2025-05-18T23:13:54.521+01:00 DEBUG 3983706 --- [user-service] [ntainer#0-0-C-1] org.apache.kafka.clients.NetworkClient   : [Consumer clientId=consumer-leaderboard-group-1, groupId=leaderboard-group] Initiating connection to node localhost:9092 (id: -1 rack: null) using address localhost/127.0.0.1
2025-05-18T23:13:54.522+01:00 DEBUG 3983706 --- [user-service] [ntainer#0-0-C-1] o.apache.kafka.common.network.Selector   : [Consumer clientId=consumer-leaderboard-group-1, groupId=leaderboard-group] Connection with localhost/127.0.0.1 (channelId=-1) disconnected

java.net.ConnectException: Connection refused
	at java.base/sun.nio.ch.Net.pollConnect(Native Method) ~[na:na]
	at java.base/sun.nio.ch.Net.pollConnectNow(Net.java:672) ~[na:na]
	at java.base/sun.nio.ch.SocketChannelImpl.finishConnect(SocketChannelImpl.java:946) ~[na:na]
	at org.apache.kafka.common.network.PlaintextTransportLayer.finishConnect(PlaintextTransportLayer.java:50) ~[kafka-clients-3.6.2.jar:na]
	at org.apache.kafka.common.network.KafkaChannel.finishConnect(KafkaChannel.java:224) ~[kafka-clients-3.6.2.jar:na]
	at org.apache.kafka.common.network.Selector.pollSelectionKeys(Selector.java:526) ~[kafka-clients-3.6.2.jar:na]
	at org.apache.kafka.common.network.Selector.poll(Selector.java:481) ~[kafka-clients-3.6.2.jar:na]
	at org.apache.kafka.clients.NetworkClient.poll(NetworkClient.java:571) ~[kafka-clients-3.6.2.jar:na]
	at org.apache.kafka.clients.consumer.internals.ConsumerNetworkClient.poll(ConsumerNetworkClient.java:280) ~[kafka-clients-3.6.2.jar:na]
	at org.apache.kafka.clients.consumer.internals.ConsumerNetworkClient.poll(ConsumerNetworkClient.java:251) ~[kafka-clients-3.6.2.jar:na]
	at org.apache.kafka.clients.consumer.internals.ConsumerNetworkClient.poll(ConsumerNetworkClient.java:242) ~[kafka-clients-3.6.2.jar:na]
	at org.apache.kafka.clients.consumer.internals.ConsumerNetworkClient.awaitMetadataUpdate(ConsumerNetworkClient.java:164) ~[kafka-clients-3.6.2.jar:na]
	at org.apache.kafka.clients.consumer.internals.AbstractCoordinator.ensureCoordinatorReady(AbstractCoordinator.java:277) ~[kafka-clients-3.6.2.jar:na]
	at org.apache.kafka.clients.consumer.internals.AbstractCoordinator.ensureCoordinatorReady(AbstractCoordinator.java:240) ~[kafka-clients-3.6.2.jar:na]
	at org.apache.kafka.clients.consumer.internals.ConsumerCoordinator.coordinatorUnknownAndUnreadySync(ConsumerCoordinator.java:504) ~[kafka-clients-3.6.2.jar:na]
	at org.apache.kafka.clients.consumer.internals.ConsumerCoordinator.poll(ConsumerCoordinator.java:536) ~[kafka-clients-3.6.2.jar:na]
	at org.apache.kafka.clients.consumer.KafkaConsumer.updateAssignmentMetadataIfNeeded(KafkaConsumer.java:1220) ~[kafka-clients-3.6.2.jar:na]
	at org.apache.kafka.clients.consumer.KafkaConsumer.poll(KafkaConsumer.java:1179) ~[kafka-clients-3.6.2.jar:na]
	at org.apache.kafka.clients.consumer.KafkaConsumer.poll(KafkaConsumer.java:1159) ~[kafka-clients-3.6.2.jar:na]
	at org.springframework.kafka.listener.KafkaMessageListenerContainer$ListenerConsumer.pollConsumer(KafkaMessageListenerContainer.java:1726) ~[spring-kafka-3.0.6.jar:3.0.6]
	at org.springframework.kafka.listener.KafkaMessageListenerContainer$ListenerConsumer.doPoll(KafkaMessageListenerContainer.java:1701) ~[spring-kafka-3.0.6.jar:3.0.6]
	at org.springframework.kafka.listener.KafkaMessageListenerContainer$ListenerConsumer.pollAndInvoke(KafkaMessageListenerContainer.java:1502) ~[spring-kafka-3.0.6.jar:3.0.6]
	at org.springframework.kafka.listener.KafkaMessageListenerContainer$ListenerConsumer.run(KafkaMessageListenerContainer.java:1394) ~[spring-kafka-3.0.6.jar:3.0.6]
	at java.base/java.util.concurrent.CompletableFuture$AsyncRun.run(CompletableFuture.java:1804) ~[na:na]
	at java.base/java.lang.Thread.run(Thread.java:840) ~[na:na]

2025-05-18T23:13:54.524+01:00  INFO 3983706 --- [user-service] [ntainer#0-0-C-1] org.apache.kafka.clients.NetworkClient   : [Consumer clientId=consumer-leaderboard-group-1, groupId=leaderboard-group] Node -1 disconnected.
2025-05-18T23:13:54.524+01:00  WARN 3983706 --- [user-service] [ntainer#0-0-C-1] org.apache.kafka.clients.NetworkClient   : [Consumer clientId=consumer-leaderboard-group-1, groupId=leaderboard-group] Connection to node -1 (localhost/127.0.0.1:9092) could not be established. Broker may not be available.
2025-05-18T23:13:54.524+01:00  WARN 3983706 --- [user-service] [ntainer#0-0-C-1] org.apache.kafka.clients.NetworkClient   : [Consumer clientId=consumer-leaderboard-group-1, groupId=leaderboard-group] Bootstrap broker localhost:9092 (id: -1 rack: null) disconnected
2025-05-18T23:13:54.625+01:00 DEBUG 3983706 --- [user-service] [ntainer#0-0-C-1] org.apache.kafka.clients.NetworkClient   : [Consumer clientId=consumer-leaderboard-group-1, groupId=leaderboard-group] Initialize connection to node localhost:9092 (id: -1 rack: null) for sending metadata request
2025-05-18T23:13:54.625+01:00 DEBUG 3983706 --- [user-service] [ntainer#0-0-C-1] org.apache.kafka.clients.ClientUtils     : Resolved host localhost as 127.0.0.1
2025-05-18T23:13:54.625+01:00 DEBUG 3983706 --- [user-service] [ntainer#0-0-C-1] o.a.k.clients.ClusterConnectionStates    : [Consumer clientId=consumer-leaderboard-group-1, groupId=leaderboard-group] Resolved host localhost to addresses [localhost/127.0.0.1]
2025-05-18T23:13:54.626+01:00 DEBUG 3983706 --- [user-service] [ntainer#0-0-C-1] org.apache.kafka.clients.NetworkClient   : [Consumer clientId=consumer-leaderboard-group-1, groupId=leaderboard-group] Initiating connection to node localhost:9092 (id: -1 rack: null) using address localhost/127.0.0.1
2025-05-18T23:13:54.626+01:00 DEBUG 3983706 --- [user-service] [ntainer#0-0-C-1] o.apache.kafka.common.network.Selector   : [Consumer clientId=consumer-leaderboard-group-1, groupId=leaderboard-group] Connection with localhost/127.0.0.1 (channelId=-1) disconnected

java.net.ConnectException: Connection refused
	at java.base/sun.nio.ch.Net.pollConnect(Native Method) ~[na:na]
	at java.base/sun.nio.ch.Net.pollConnectNow(Net.java:672) ~[na:na]
	at java.base/sun.nio.ch.SocketChannelImpl.finishConnect(SocketChannelImpl.java:946) ~[na:na]
	at org.apache.kafka.common.network.PlaintextTransportLayer.finishConnect(PlaintextTransportLayer.java:50) ~[kafka-clients-3.6.2.jar:na]
	at org.apache.kafka.common.network.KafkaChannel.finishConnect(KafkaChannel.java:224) ~[kafka-clients-3.6.2.jar:na]
	at org.apache.kafka.common.network.Selector.pollSelectionKeys(Selector.java:526) ~[kafka-clients-3.6.2.jar:na]
	at org.apache.kafka.common.network.Selector.poll(Selector.java:481) ~[kafka-clients-3.6.2.jar:na]
	at org.apache.kafka.clients.NetworkClient.poll(NetworkClient.java:571) ~[kafka-clients-3.6.2.jar:na]
	at org.apache.kafka.clients.consumer.internals.ConsumerNetworkClient.poll(ConsumerNetworkClient.java:280) ~[kafka-clients-3.6.2.jar:na]
	at org.apache.kafka.clients.consumer.internals.ConsumerNetworkClient.poll(ConsumerNetworkClient.java:251) ~[kafka-clients-3.6.2.jar:na]
	at org.apache.kafka.clients.consumer.internals.ConsumerNetworkClient.poll(ConsumerNetworkClient.java:242) ~[kafka-clients-3.6.2.jar:na]
	at org.apache.kafka.clients.consumer.internals.ConsumerNetworkClient.awaitMetadataUpdate(ConsumerNetworkClient.java:164) ~[kafka-clients-3.6.2.jar:na]
	at org.apache.kafka.clients.consumer.internals.AbstractCoordinator.ensureCoordinatorReady(AbstractCoordinator.java:277) ~[kafka-clients-3.6.2.jar:na]
	at org.apache.kafka.clients.consumer.internals.AbstractCoordinator.ensureCoordinatorReady(AbstractCoordinator.java:240) ~[kafka-clients-3.6.2.jar:na]
	at org.apache.kafka.clients.consumer.internals.ConsumerCoordinator.coordinatorUnknownAndUnreadySync(ConsumerCoordinator.java:504) ~[kafka-clients-3.6.2.jar:na]
	at org.apache.kafka.clients.consumer.internals.ConsumerCoordinator.poll(ConsumerCoordinator.java:536) ~[kafka-clients-3.6.2.jar:na]
	at org.apache.kafka.clients.consumer.KafkaConsumer.updateAssignmentMetadataIfNeeded(KafkaConsumer.java:1220) ~[kafka-clients-3.6.2.jar:na]
	at org.apache.kafka.clients.consumer.KafkaConsumer.poll(KafkaConsumer.java:1179) ~[kafka-clients-3.6.2.jar:na]
	at org.apache.kafka.clients.consumer.KafkaConsumer.poll(KafkaConsumer.java:1159) ~[kafka-clients-3.6.2.jar:na]
	at org.springframework.kafka.listener.KafkaMessageListenerContainer$ListenerConsumer.pollConsumer(KafkaMessageListenerContainer.java:1726) ~[spring-kafka-3.0.6.jar:3.0.6]
	at org.springframework.kafka.listener.KafkaMessageListenerContainer$ListenerConsumer.doPoll(KafkaMessageListenerContainer.java:1701) ~[spring-kafka-3.0.6.jar:3.0.6]
	at org.springframework.kafka.listener.KafkaMessageListenerContainer$ListenerConsumer.pollAndInvoke(KafkaMessageListenerContainer.java:1502) ~[spring-kafka-3.0.6.jar:3.0.6]
	at org.springframework.kafka.listener.KafkaMessageListenerContainer$ListenerConsumer.run(KafkaMessageListenerContainer.java:1394) ~[spring-kafka-3.0.6.jar:3.0.6]
	at java.base/java.util.concurrent.CompletableFuture$AsyncRun.run(CompletableFuture.java:1804) ~[na:na]
	at java.base/java.lang.Thread.run(Thread.java:840) ~[na:na]

2025-05-18T23:13:54.628+01:00  INFO 3983706 --- [user-service] [ntainer#0-0-C-1] org.apache.kafka.clients.NetworkClient   : [Consumer clientId=consumer-leaderboard-group-1, groupId=leaderboard-group] Node -1 disconnected.
2025-05-18T23:13:54.629+01:00  WARN 3983706 --- [user-service] [ntainer#0-0-C-1] org.apache.kafka.clients.NetworkClient   : [Consumer clientId=consumer-leaderboard-group-1, groupId=leaderboard-group] Connection to node -1 (localhost/127.0.0.1:9092) could not be established. Broker may not be available.
2025-05-18T23:13:54.629+01:00  WARN 3983706 --- [user-service] [ntainer#0-0-C-1] org.apache.kafka.clients.NetworkClient   : [Consumer clientId=consumer-leaderboard-group-1, groupId=leaderboard-group] Bootstrap broker localhost:9092 (id: -1 rack: null) disconnected
2025-05-18T23:13:54.729+01:00 DEBUG 3983706 --- [user-service] [ntainer#0-0-C-1] org.apache.kafka.clients.NetworkClient   : [Consumer clientId=consumer-leaderboard-group-1, groupId=leaderboard-group] Give up sending metadata request since no node is available
2025-05-18T23:13:54.784+01:00 DEBUG 3983706 --- [user-service] [ntainer#0-0-C-1] org.apache.kafka.clients.NetworkClient   : [Consumer clientId=consumer-leaderboard-group-1, groupId=leaderboard-group] Give up sending metadata request since no node is available
2025-05-18T23:13:54.835+01:00 DEBUG 3983706 --- [user-service] [ntainer#0-0-C-1] org.apache.kafka.clients.NetworkClient   : [Consumer clientId=consumer-leaderboard-group-1, groupId=leaderboard-group] Give up sending metadata request since no node is available
2025-05-18T23:13:54.885+01:00 DEBUG 3983706 --- [user-service] [ntainer#0-0-C-1] org.apache.kafka.clients.NetworkClient   : [Consumer clientId=consumer-leaderboard-group-1, groupId=leaderboard-group] Initialize connection to node localhost:9092 (id: -1 rack: null) for sending metadata request
2025-05-18T23:13:54.886+01:00 DEBUG 3983706 --- [user-service] [ntainer#0-0-C-1] org.apache.kafka.clients.ClientUtils     : Resolved host localhost as 127.0.0.1
2025-05-18T23:13:54.886+01:00 DEBUG 3983706 --- [user-service] [ntainer#0-0-C-1] o.a.k.clients.ClusterConnectionStates    : [Consumer clientId=consumer-leaderboard-group-1, groupId=leaderboard-group] Resolved host localhost to addresses [localhost/127.0.0.1]
2025-05-18T23:13:54.886+01:00 DEBUG 3983706 --- [user-service] [ntainer#0-0-C-1] org.apache.kafka.clients.NetworkClient   : [Consumer clientId=consumer-leaderboard-group-1, groupId=leaderboard-group] Initiating connection to node localhost:9092 (id: -1 rack: null) using address localhost/127.0.0.1
2025-05-18T23:13:54.887+01:00 DEBUG 3983706 --- [user-service] [ntainer#0-0-C-1] o.apache.kafka.common.network.Selector   : [Consumer clientId=consumer-leaderboard-group-1, groupId=leaderboard-group] Connection with localhost/127.0.0.1 (channelId=-1) disconnected

java.net.ConnectException: Connection refused
	at java.base/sun.nio.ch.Net.pollConnect(Native Method) ~[na:na]
	at java.base/sun.nio.ch.Net.pollConnectNow(Net.java:672) ~[na:na]
	at java.base/sun.nio.ch.SocketChannelImpl.finishConnect(SocketChannelImpl.java:946) ~[na:na]
	at org.apache.kafka.common.network.PlaintextTransportLayer.finishConnect(PlaintextTransportLayer.java:50) ~[kafka-clients-3.6.2.jar:na]
	at org.apache.kafka.common.network.KafkaChannel.finishConnect(KafkaChannel.java:224) ~[kafka-clients-3.6.2.jar:na]
	at org.apache.kafka.common.network.Selector.pollSelectionKeys(Selector.java:526) ~[kafka-clients-3.6.2.jar:na]
	at org.apache.kafka.common.network.Selector.poll(Selector.java:481) ~[kafka-clients-3.6.2.jar:na]
	at org.apache.kafka.clients.NetworkClient.poll(NetworkClient.java:571) ~[kafka-clients-3.6.2.jar:na]
	at org.apache.kafka.clients.consumer.internals.ConsumerNetworkClient.poll(ConsumerNetworkClient.java:280) ~[kafka-clients-3.6.2.jar:na]
	at org.apache.kafka.clients.consumer.internals.ConsumerNetworkClient.poll(ConsumerNetworkClient.java:251) ~[kafka-clients-3.6.2.jar:na]
	at org.apache.kafka.clients.consumer.internals.ConsumerNetworkClient.poll(ConsumerNetworkClient.java:242) ~[kafka-clients-3.6.2.jar:na]
	at org.apache.kafka.clients.consumer.internals.ConsumerNetworkClient.awaitMetadataUpdate(ConsumerNetworkClient.java:164) ~[kafka-clients-3.6.2.jar:na]
	at org.apache.kafka.clients.consumer.internals.AbstractCoordinator.ensureCoordinatorReady(AbstractCoordinator.java:277) ~[kafka-clients-3.6.2.jar:na]
	at org.apache.kafka.clients.consumer.internals.AbstractCoordinator.ensureCoordinatorReady(AbstractCoordinator.java:240) ~[kafka-clients-3.6.2.jar:na]
	at org.apache.kafka.clients.consumer.internals.ConsumerCoordinator.coordinatorUnknownAndUnreadySync(ConsumerCoordinator.java:504) ~[kafka-clients-3.6.2.jar:na]
	at org.apache.kafka.clients.consumer.internals.ConsumerCoordinator.poll(ConsumerCoordinator.java:536) ~[kafka-clients-3.6.2.jar:na]
	at org.apache.kafka.clients.consumer.KafkaConsumer.updateAssignmentMetadataIfNeeded(KafkaConsumer.java:1220) ~[kafka-clients-3.6.2.jar:na]
	at org.apache.kafka.clients.consumer.KafkaConsumer.poll(KafkaConsumer.java:1179) ~[kafka-clients-3.6.2.jar:na]
	at org.apache.kafka.clients.consumer.KafkaConsumer.poll(KafkaConsumer.java:1159) ~[kafka-clients-3.6.2.jar:na]
	at org.springframework.kafka.listener.KafkaMessageListenerContainer$ListenerConsumer.pollConsumer(KafkaMessageListenerContainer.java:1726) ~[spring-kafka-3.0.6.jar:3.0.6]
	at org.springframework.kafka.listener.KafkaMessageListenerContainer$ListenerConsumer.doPoll(KafkaMessageListenerContainer.java:1701) ~[spring-kafka-3.0.6.jar:3.0.6]
	at org.springframework.kafka.listener.KafkaMessageListenerContainer$ListenerConsumer.pollAndInvoke(KafkaMessageListenerContainer.java:1502) ~[spring-kafka-3.0.6.jar:3.0.6]
	at org.springframework.kafka.listener.KafkaMessageListenerContainer$ListenerConsumer.run(KafkaMessageListenerContainer.java:1394) ~[spring-kafka-3.0.6.jar:3.0.6]
	at java.base/java.util.concurrent.CompletableFuture$AsyncRun.run(CompletableFuture.java:1804) ~[na:na]
	at java.base/java.lang.Thread.run(Thread.java:840) ~[na:na]

2025-05-18T23:13:54.888+01:00  INFO 3983706 --- [user-service] [ntainer#0-0-C-1] org.apache.kafka.clients.NetworkClient   : [Consumer clientId=consumer-leaderboard-group-1, groupId=leaderboard-group] Node -1 disconnected.
2025-05-18T23:13:54.889+01:00  WARN 3983706 --- [user-service] [ntainer#0-0-C-1] org.apache.kafka.clients.NetworkClient   : [Consumer clientId=consumer-leaderboard-group-1, groupId=leaderboard-group] Connection to node -1 (localhost/127.0.0.1:9092) could not be established. Broker may not be available.
2025-05-18T23:13:54.889+01:00  WARN 3983706 --- [user-service] [ntainer#0-0-C-1] org.apache.kafka.clients.NetworkClient   : [Consumer clientId=consumer-leaderboard-group-1, groupId=leaderboard-group] Bootstrap broker localhost:9092 (id: -1 rack: null) disconnected
2025-05-18T23:13:54.989+01:00 DEBUG 3983706 --- [user-service] [ntainer#0-0-C-1] org.apache.kafka.clients.NetworkClient   : [Consumer clientId=consumer-leaderboard-group-1, groupId=leaderboard-group] Give up sending metadata request since no node is available
]]></system-out>
  </testcase>
</testsuite>