<?xml version="1.0" encoding="UTF-8"?>
<testsuite xmlns:xsi="http://www.w3.org/2001/XMLSchema-instance" xsi:noNamespaceSchemaLocation="https://maven.apache.org/surefire/maven-surefire-plugin/xsd/surefire-test-report-3.0.xsd" version="3.0" name="com.simtrade.user_service.UserServiceApplicationTests" time="7.927" tests="1" errors="0" skipped="0" failures="0">
  <properties>
[...]
</properties>
  <testcase name="contextLoads" classname="com.simtrade.user_service.UserServiceApplicationTests" time="0.556">
    <system-out><![CDATA[01:13:40.969 [main] INFO org.springframework.test.context.support.AnnotationConfigContextLoaderUtils -- Could not detect default configuration classes for test class [com.simtrade.user_service.UserServiceApplicationTests]: UserServiceApplicationTests does not declare any static, non-private, non-final, nested classes annotated with @Configuration.
01:13:41.138 [main] INFO org.springframework.boot.test.context.SpringBootTestContextBootstrapper -- Found @SpringBootConfiguration com.simtrade.user_service.UserServiceApplication for test class com.simtrade.user_service.UserServiceApplicationTests

  .   ____          _            __ _ _
 /\\ / ___'_ __ _ _(_)_ __  __ _ \ \ \ \
( ( )\___ | '_ | '_| | '_ \/ _` | \ \ \ \
 \\/  ___)| |_)| | | | | || (_| |  ) ) ) )
  '  |____| .__|_| |_|_| |_\__, | / / / /
 =========|_|==============|___/=/_/_/_/
 :: Spring Boot ::                (v3.2.5)

2025-06-15T01:13:41.637+01:00  INFO 204138 --- [user-service] [           main] c.s.u.UserServiceApplicationTests        : Starting UserServiceApplicationTests using Java 17.0.14 with PID 204138 (started by rumike in /home/rumike/Documents/AE/SimTrade/user_service)
2025-06-15T01:13:41.638+01:00 DEBUG 204138 --- [user-service] [           main] c.s.u.UserServiceApplicationTests        : Running with Spring Boot v3.2.5, Spring v6.1.6
2025-06-15T01:13:41.639+01:00  INFO 204138 --- [user-service] [           main] c.s.u.UserServiceApplicationTests        : No active profile set, falling back to 1 default profile: "default"
2025-06-15T01:13:42.602+01:00  INFO 204138 --- [user-service] [           main] .s.d.r.c.RepositoryConfigurationDelegate : Multiple Spring Data modules found, entering strict repository configuration mode
2025-06-15T01:13:42.604+01:00  INFO 204138 --- [user-service] [           main] .s.d.r.c.RepositoryConfigurationDelegate : Bootstrapping Spring Data JPA repositories in DEFAULT mode.
2025-06-15T01:13:42.759+01:00  INFO 204138 --- [user-service] [           main] .s.d.r.c.RepositoryConfigurationDelegate : Finished Spring Data repository scanning in 146 ms. Found 3 JPA repository interfaces.
2025-06-15T01:13:42.784+01:00  INFO 204138 --- [user-service] [           main] .s.d.r.c.RepositoryConfigurationDelegate : Multiple Spring Data modules found, entering strict repository configuration mode
2025-06-15T01:13:42.786+01:00  INFO 204138 --- [user-service] [           main] .s.d.r.c.RepositoryConfigurationDelegate : Bootstrapping Spring Data Redis repositories in DEFAULT mode.
2025-06-15T01:13:42.807+01:00  INFO 204138 --- [user-service] [           main] .RepositoryConfigurationExtensionSupport : Spring Data Redis - Could not safely identify store assignment for repository candidate interface com.simtrade.user_service.repository.LeaderboardSnapshotRepository; If you want this repository to be a Redis repository, consider annotating your entities with one of these annotations: org.springframework.data.redis.core.RedisHash (preferred), or consider extending one of the following types with your repository: org.springframework.data.keyvalue.repository.KeyValueRepository
2025-06-15T01:13:42.808+01:00  INFO 204138 --- [user-service] [           main] .RepositoryConfigurationExtensionSupport : Spring Data Redis - Could not safely identify store assignment for repository candidate interface com.simtrade.user_service.repository.SystemStateRepository; If you want this repository to be a Redis repository, consider annotating your entities with one of these annotations: org.springframework.data.redis.core.RedisHash (preferred), or consider extending one of the following types with your repository: org.springframework.data.keyvalue.repository.KeyValueRepository
2025-06-15T01:13:42.808+01:00  INFO 204138 --- [user-service] [           main] .RepositoryConfigurationExtensionSupport : Spring Data Redis - Could not safely identify store assignment for repository candidate interface com.simtrade.user_service.repository.UserRepository; If you want this repository to be a Redis repository, consider annotating your entities with one of these annotations: org.springframework.data.redis.core.RedisHash (preferred), or consider extending one of the following types with your repository: org.springframework.data.keyvalue.repository.KeyValueRepository
2025-06-15T01:13:42.809+01:00  INFO 204138 --- [user-service] [           main] .s.d.r.c.RepositoryConfigurationDelegate : Finished Spring Data repository scanning in 13 ms. Found 0 Redis repository interfaces.
2025-06-15T01:13:43.512+01:00  INFO 204138 --- [user-service] [           main] o.hibernate.jpa.internal.util.LogHelper  : HHH000204: Processing PersistenceUnitInfo [name: default]
2025-06-15T01:13:43.563+01:00  INFO 204138 --- [user-service] [           main] org.hibernate.Version                    : HHH000412: Hibernate ORM core version 6.4.4.Final
2025-06-15T01:13:43.599+01:00  INFO 204138 --- [user-service] [           main] o.h.c.internal.RegionFactoryInitiator    : HHH000026: Second-level cache disabled
2025-06-15T01:13:43.809+01:00  INFO 204138 --- [user-service] [           main] o.s.o.j.p.SpringPersistenceUnitInfo      : No LoadTimeWeaver setup: ignoring JPA class transformer
2025-06-15T01:13:43.837+01:00  INFO 204138 --- [user-service] [           main] com.zaxxer.hikari.HikariDataSource       : HikariPool-1 - Starting...
2025-06-15T01:13:44.084+01:00  INFO 204138 --- [user-service] [           main] com.zaxxer.hikari.pool.HikariPool        : HikariPool-1 - Added connection org.postgresql.jdbc.PgConnection@1b444b5
2025-06-15T01:13:44.087+01:00  INFO 204138 --- [user-service] [           main] com.zaxxer.hikari.HikariDataSource       : HikariPool-1 - Start completed.
2025-06-15T01:13:44.137+01:00  WARN 204138 --- [user-service] [           main] org.hibernate.orm.deprecation            : HHH90000025: PostgreSQLDialect does not need to be specified explicitly using 'hibernate.dialect' (remove the property setting and it will be selected by default)
2025-06-15T01:13:45.285+01:00  INFO 204138 --- [user-service] [           main] o.h.e.t.j.p.i.JtaPlatformInitiator       : HHH000489: No JTA platform available (set 'hibernate.transaction.jta.platform' to enable JTA platform integration)
2025-06-15T01:13:45.414+01:00  INFO 204138 --- [user-service] [           main] j.LocalContainerEntityManagerFactoryBean : Initialized JPA EntityManagerFactory for persistence unit 'default'
2025-06-15T01:13:46.758+01:00 DEBUG 204138 --- [user-service] [           main] KafkaListenerAnnotationBeanPostProcessor : No retry topic configuration found for topics [trade-events]
2025-06-15T01:13:46.762+01:00 DEBUG 204138 --- [user-service] [           main] KafkaListenerAnnotationBeanPostProcessor : 1 @KafkaListener methods processed on bean 'transactionConsumer': {public void com.simtrade.user_service.service.TransactionConsumer.handleTransaction(com.simtrade.common.entity.Transaction)=[@org.springframework.kafka.annotation.KafkaListener(topicPattern="", beanRef="__listener", contentTypeConverter="", containerFactory="", topics={"trade-events"}, groupId="leaderboard-group", batch="", clientIdPrefix="", topicPartitions={}, splitIterables=true, concurrency="", autoStartup="", filter="", containerGroup="", idIsGroup=true, errorHandler="", id="", properties={}, info="")]}
2025-06-15T01:13:46.997+01:00  WARN 204138 --- [user-service] [           main] JpaBaseConfiguration$JpaWebConfiguration : spring.jpa.open-in-view is enabled by default. Therefore, database queries may be performed during view rendering. Explicitly configure spring.jpa.open-in-view to disable this warning
2025-06-15T01:13:47.374+01:00  INFO 204138 --- [user-service] [           main] o.s.s.web.DefaultSecurityFilterChain     : Will secure any request with [org.springframework.security.web.session.DisableEncodeUrlFilter@2fbbdca, org.springframework.security.web.context.request.async.WebAsyncManagerIntegrationFilter@722a2ba2, org.springframework.security.web.context.SecurityContextHolderFilter@42ae0fcf, org.springframework.security.web.header.HeaderWriterFilter@47620803, org.springframework.web.filter.CorsFilter@788cb7b0, org.springframework.security.web.authentication.logout.LogoutFilter@69dc0dd1, com.simtrade.common.config.JwtAuthenticationFilter@3d805670, org.springframework.security.web.savedrequest.RequestCacheAwareFilter@51a4472d, org.springframework.security.web.servletapi.SecurityContextHolderAwareRequestFilter@5930a229, org.springframework.security.web.authentication.AnonymousAuthenticationFilter@3e711e84, org.springframework.security.web.session.SessionManagementFilter@1d3aefd, org.springframework.security.web.access.ExceptionTranslationFilter@1c93f349, org.springframework.security.web.access.intercept.AuthorizationFilter@1d9db780]
2025-06-15T01:13:47.958+01:00  INFO 204138 --- [user-service] [           main] o.a.k.clients.consumer.ConsumerConfig    : ConsumerConfig values: 
	allow.auto.create.topics = true
	auto.commit.interval.ms = 5000
	auto.include.jmx.reporter = true
	auto.offset.reset = latest
	bootstrap.servers = [localhost:9092]
	check.crcs = true
	client.dns.lookup = use_all_dns_ips
	client.id = consumer-leaderboard-group-1
	client.rack = 
	connections.max.idle.ms = 540000
	default.api.timeout.ms = 60000
	enable.auto.commit = false
	exclude.internal.topics = true
	fetch.max.bytes = 52428800
	fetch.max.wait.ms = 500
	fetch.min.bytes = 1
	group.id = leaderboard-group
	group.instance.id = null
	heartbeat.interval.ms = 3000
	interceptor.classes = []
	internal.leave.group.on.close = true
	internal.throw.on.fetch.stable.offset.unsupported = false
	isolation.level = read_uncommitted
	key.deserializer = class org.apache.kafka.common.serialization.StringDeserializer
	max.partition.fetch.bytes = 1048576
	max.poll.interval.ms = 300000
	max.poll.records = 500
	metadata.max.age.ms = 300000
	metric.reporters = []
	metrics.num.samples = 2
	metrics.recording.level = INFO
	metrics.sample.window.ms = 30000
	partition.assignment.strategy = [class org.apache.kafka.clients.consumer.RangeAssignor, class org.apache.kafka.clients.consumer.CooperativeStickyAssignor]
	receive.buffer.bytes = 65536
	reconnect.backoff.max.ms = 1000
	reconnect.backoff.ms = 50
	request.timeout.ms = 30000
	retry.backoff.ms = 100
	sasl.client.callback.handler.class = null
	sasl.jaas.config = null
	sasl.kerberos.kinit.cmd = /usr/bin/kinit
	sasl.kerberos.min.time.before.relogin = 60000
	sasl.kerberos.service.name = null
	sasl.kerberos.ticket.renew.jitter = 0.05
	sasl.kerberos.ticket.renew.window.factor = 0.8
	sasl.login.callback.handler.class = null
	sasl.login.class = null
	sasl.login.connect.timeout.ms = null
	sasl.login.read.timeout.ms = null
	sasl.login.refresh.buffer.seconds = 300
	sasl.login.refresh.min.period.seconds = 60
	sasl.login.refresh.window.factor = 0.8
	sasl.login.refresh.window.jitter = 0.05
	sasl.login.retry.backoff.max.ms = 10000
	sasl.login.retry.backoff.ms = 100
	sasl.mechanism = GSSAPI
	sasl.oauthbearer.clock.skew.seconds = 30
	sasl.oauthbearer.expected.audience = null
	sasl.oauthbearer.expected.issuer = null
	sasl.oauthbearer.jwks.endpoint.refresh.ms = 3600000
	sasl.oauthbearer.jwks.endpoint.retry.backoff.max.ms = 10000
	sasl.oauthbearer.jwks.endpoint.retry.backoff.ms = 100
	sasl.oauthbearer.jwks.endpoint.url = null
	sasl.oauthbearer.scope.claim.name = scope
	sasl.oauthbearer.sub.claim.name = sub
	sasl.oauthbearer.token.endpoint.url = null
	security.protocol = PLAINTEXT
	security.providers = null
	send.buffer.bytes = 131072
	session.timeout.ms = 45000
	socket.connection.setup.timeout.max.ms = 30000
	socket.connection.setup.timeout.ms = 10000
	ssl.cipher.suites = null
	ssl.enabled.protocols = [TLSv1.2, TLSv1.3]
	ssl.endpoint.identification.algorithm = https
	ssl.engine.factory.class = null
	ssl.key.password = null
	ssl.keymanager.algorithm = SunX509
	ssl.keystore.certificate.chain = null
	ssl.keystore.key = null
	ssl.keystore.location = null
	ssl.keystore.password = null
	ssl.keystore.type = JKS
	ssl.protocol = TLSv1.3
	ssl.provider = null
	ssl.secure.random.implementation = null
	ssl.trustmanager.algorithm = PKIX
	ssl.truststore.certificates = null
	ssl.truststore.location = null
	ssl.truststore.password = null
	ssl.truststore.type = JKS
	value.deserializer = class org.apache.kafka.common.serialization.StringDeserializer

2025-06-15T01:13:47.962+01:00 DEBUG 204138 --- [user-service] [           main] o.a.k.clients.consumer.KafkaConsumer     : [Consumer clientId=consumer-leaderboard-group-1, groupId=leaderboard-group] Initializing the Kafka consumer
2025-06-15T01:13:48.097+01:00  INFO 204138 --- [user-service] [           main] o.a.kafka.common.utils.AppInfoParser     : Kafka version: 3.6.2
2025-06-15T01:13:48.097+01:00  INFO 204138 --- [user-service] [           main] o.a.kafka.common.utils.AppInfoParser     : Kafka commitId: c4deed513057c94e
2025-06-15T01:13:48.098+01:00  INFO 204138 --- [user-service] [           main] o.a.kafka.common.utils.AppInfoParser     : Kafka startTimeMs: 1749946428096
2025-06-15T01:13:48.100+01:00 DEBUG 204138 --- [user-service] [           main] o.a.k.clients.consumer.KafkaConsumer     : [Consumer clientId=consumer-leaderboard-group-1, groupId=leaderboard-group] Kafka consumer initialized
2025-06-15T01:13:48.101+01:00  INFO 204138 --- [user-service] [           main] o.a.k.clients.consumer.KafkaConsumer     : [Consumer clientId=consumer-leaderboard-group-1, groupId=leaderboard-group] Subscribed to topic(s): trade-events
2025-06-15T01:13:48.107+01:00  INFO 204138 --- [user-service] [           main] o.s.m.s.b.SimpleBrokerMessageHandler     : Starting...
2025-06-15T01:13:48.107+01:00 DEBUG 204138 --- [user-service] [ntainer#0-0-C-1] o.s.k.l.KafkaMessageListenerContainer    : Commit list: {}
2025-06-15T01:13:48.110+01:00 DEBUG 204138 --- [user-service] [ntainer#0-0-C-1] o.a.k.c.c.internals.ConsumerCoordinator  : [Consumer clientId=consumer-leaderboard-group-1, groupId=leaderboard-group] Sending FindCoordinator request to broker localhost:9092 (id: -1 rack: null)
2025-06-15T01:13:48.110+01:00  INFO 204138 --- [user-service] [           main] o.s.m.s.b.SimpleBrokerMessageHandler     : BrokerAvailabilityEvent[available=true, SimpleBrokerMessageHandler [org.springframework.messaging.simp.broker.DefaultSubscriptionRegistry@664f1c53]]
2025-06-15T01:13:48.110+01:00  INFO 204138 --- [user-service] [           main] o.s.m.s.b.SimpleBrokerMessageHandler     : Started.
2025-06-15T01:13:48.133+01:00  INFO 204138 --- [user-service] [           main] c.s.u.UserServiceApplicationTests        : Started UserServiceApplicationTests in 6.842 seconds (process running for 8.002)
2025-06-15T01:13:48.380+01:00 DEBUG 204138 --- [user-service] [ntainer#0-0-C-1] org.apache.kafka.clients.ClientUtils     : Resolved host localhost as 127.0.0.1
2025-06-15T01:13:48.380+01:00 DEBUG 204138 --- [user-service] [ntainer#0-0-C-1] o.a.k.clients.ClusterConnectionStates    : [Consumer clientId=consumer-leaderboard-group-1, groupId=leaderboard-group] Resolved host localhost to addresses [localhost/127.0.0.1]
2025-06-15T01:13:48.381+01:00 DEBUG 204138 --- [user-service] [ntainer#0-0-C-1] org.apache.kafka.clients.NetworkClient   : [Consumer clientId=consumer-leaderboard-group-1, groupId=leaderboard-group] Initiating connection to node localhost:9092 (id: -1 rack: null) using address localhost/127.0.0.1
2025-06-15T01:13:48.390+01:00 DEBUG 204138 --- [user-service] [ntainer#0-0-C-1] o.apache.kafka.common.network.Selector   : [Consumer clientId=consumer-leaderboard-group-1, groupId=leaderboard-group] Connection with localhost/127.0.0.1 (channelId=-1) disconnected

java.net.ConnectException: Connection refused
	at java.base/sun.nio.ch.Net.pollConnect(Native Method) ~[na:na]
	at java.base/sun.nio.ch.Net.pollConnectNow(Net.java:672) ~[na:na]
	at java.base/sun.nio.ch.SocketChannelImpl.finishConnect(SocketChannelImpl.java:946) ~[na:na]
	at org.apache.kafka.common.network.PlaintextTransportLayer.finishConnect(PlaintextTransportLayer.java:50) ~[kafka-clients-3.6.2.jar:na]
	at org.apache.kafka.common.network.KafkaChannel.finishConnect(KafkaChannel.java:224) ~[kafka-clients-3.6.2.jar:na]
	at org.apache.kafka.common.network.Selector.pollSelectionKeys(Selector.java:526) ~[kafka-clients-3.6.2.jar:na]
	at org.apache.kafka.common.network.Selector.poll(Selector.java:481) ~[kafka-clients-3.6.2.jar:na]
	at org.apache.kafka.clients.NetworkClient.poll(NetworkClient.java:571) ~[kafka-clients-3.6.2.jar:na]
	at org.apache.kafka.clients.consumer.internals.ConsumerNetworkClient.poll(ConsumerNetworkClient.java:280) ~[kafka-clients-3.6.2.jar:na]
	at org.apache.kafka.clients.consumer.internals.ConsumerNetworkClient.poll(ConsumerNetworkClient.java:230) ~[kafka-clients-3.6.2.jar:na]
	at org.apache.kafka.clients.consumer.internals.AbstractCoordinator.ensureCoordinatorReady(AbstractCoordinator.java:265) ~[kafka-clients-3.6.2.jar:na]
	at org.apache.kafka.clients.consumer.internals.AbstractCoordinator.ensureCoordinatorReady(AbstractCoordinator.java:240) ~[kafka-clients-3.6.2.jar:na]
	at org.apache.kafka.clients.consumer.internals.ConsumerCoordinator.coordinatorUnknownAndUnreadySync(ConsumerCoordinator.java:504) ~[kafka-clients-3.6.2.jar:na]
	at org.apache.kafka.clients.consumer.internals.ConsumerCoordinator.poll(ConsumerCoordinator.java:536) ~[kafka-clients-3.6.2.jar:na]
	at org.apache.kafka.clients.consumer.KafkaConsumer.updateAssignmentMetadataIfNeeded(KafkaConsumer.java:1220) ~[kafka-clients-3.6.2.jar:na]
	at org.apache.kafka.clients.consumer.KafkaConsumer.poll(KafkaConsumer.java:1179) ~[kafka-clients-3.6.2.jar:na]
	at org.apache.kafka.clients.consumer.KafkaConsumer.poll(KafkaConsumer.java:1159) ~[kafka-clients-3.6.2.jar:na]
	at org.springframework.kafka.listener.KafkaMessageListenerContainer$ListenerConsumer.pollConsumer(KafkaMessageListenerContainer.java:1726) ~[spring-kafka-3.0.6.jar:3.0.6]
	at org.springframework.kafka.listener.KafkaMessageListenerContainer$ListenerConsumer.doPoll(KafkaMessageListenerContainer.java:1701) ~[spring-kafka-3.0.6.jar:3.0.6]
	at org.springframework.kafka.listener.KafkaMessageListenerContainer$ListenerConsumer.pollAndInvoke(KafkaMessageListenerContainer.java:1502) ~[spring-kafka-3.0.6.jar:3.0.6]
	at org.springframework.kafka.listener.KafkaMessageListenerContainer$ListenerConsumer.run(KafkaMessageListenerContainer.java:1394) ~[spring-kafka-3.0.6.jar:3.0.6]
	at java.base/java.util.concurrent.CompletableFuture$AsyncRun.run(CompletableFuture.java:1804) ~[na:na]
	at java.base/java.lang.Thread.run(Thread.java:840) ~[na:na]

2025-06-15T01:13:48.395+01:00  INFO 204138 --- [user-service] [ntainer#0-0-C-1] org.apache.kafka.clients.NetworkClient   : [Consumer clientId=consumer-leaderboard-group-1, groupId=leaderboard-group] Node -1 disconnected.
2025-06-15T01:13:48.396+01:00  WARN 204138 --- [user-service] [ntainer#0-0-C-1] org.apache.kafka.clients.NetworkClient   : [Consumer clientId=consumer-leaderboard-group-1, groupId=leaderboard-group] Connection to node -1 (localhost/127.0.0.1:9092) could not be established. Broker may not be available.
2025-06-15T01:13:48.397+01:00  WARN 204138 --- [user-service] [ntainer#0-0-C-1] org.apache.kafka.clients.NetworkClient   : [Consumer clientId=consumer-leaderboard-group-1, groupId=leaderboard-group] Bootstrap broker localhost:9092 (id: -1 rack: null) disconnected
2025-06-15T01:13:48.401+01:00 DEBUG 204138 --- [user-service] [ntainer#0-0-C-1] o.a.k.c.c.i.ConsumerNetworkClient        : [Consumer clientId=consumer-leaderboard-group-1, groupId=leaderboard-group] Cancelled request with header RequestHeader(apiKey=FIND_COORDINATOR, apiVersion=4, clientId=consumer-leaderboard-group-1, correlationId=0, headerVersion=2) due to node -1 being disconnected
2025-06-15T01:13:48.402+01:00 DEBUG 204138 --- [user-service] [ntainer#0-0-C-1] o.a.k.c.c.internals.ConsumerCoordinator  : [Consumer clientId=consumer-leaderboard-group-1, groupId=leaderboard-group] FindCoordinator request failed due to org.apache.kafka.common.errors.DisconnectException
2025-06-15T01:13:48.402+01:00 DEBUG 204138 --- [user-service] [ntainer#0-0-C-1] o.a.k.c.c.internals.ConsumerCoordinator  : [Consumer clientId=consumer-leaderboard-group-1, groupId=leaderboard-group] Coordinator discovery failed, refreshing metadata

org.apache.kafka.common.errors.DisconnectException: null

2025-06-15T01:13:48.496+01:00 DEBUG 204138 --- [user-service] [ntainer#0-0-C-1] org.apache.kafka.clients.NetworkClient   : [Consumer clientId=consumer-leaderboard-group-1, groupId=leaderboard-group] Initialize connection to node localhost:9092 (id: -1 rack: null) for sending metadata request
2025-06-15T01:13:48.496+01:00 DEBUG 204138 --- [user-service] [ntainer#0-0-C-1] org.apache.kafka.clients.ClientUtils     : Resolved host localhost as 127.0.0.1
2025-06-15T01:13:48.496+01:00 DEBUG 204138 --- [user-service] [ntainer#0-0-C-1] o.a.k.clients.ClusterConnectionStates    : [Consumer clientId=consumer-leaderboard-group-1, groupId=leaderboard-group] Resolved host localhost to addresses [localhost/127.0.0.1]
2025-06-15T01:13:48.497+01:00 DEBUG 204138 --- [user-service] [ntainer#0-0-C-1] org.apache.kafka.clients.NetworkClient   : [Consumer clientId=consumer-leaderboard-group-1, groupId=leaderboard-group] Initiating connection to node localhost:9092 (id: -1 rack: null) using address localhost/127.0.0.1
2025-06-15T01:13:48.497+01:00 DEBUG 204138 --- [user-service] [ntainer#0-0-C-1] o.apache.kafka.common.network.Selector   : [Consumer clientId=consumer-leaderboard-group-1, groupId=leaderboard-group] Connection with localhost/127.0.0.1 (channelId=-1) disconnected

java.net.ConnectException: Connection refused
	at java.base/sun.nio.ch.Net.pollConnect(Native Method) ~[na:na]
	at java.base/sun.nio.ch.Net.pollConnectNow(Net.java:672) ~[na:na]
	at java.base/sun.nio.ch.SocketChannelImpl.finishConnect(SocketChannelImpl.java:946) ~[na:na]
	at org.apache.kafka.common.network.PlaintextTransportLayer.finishConnect(PlaintextTransportLayer.java:50) ~[kafka-clients-3.6.2.jar:na]
	at org.apache.kafka.common.network.KafkaChannel.finishConnect(KafkaChannel.java:224) ~[kafka-clients-3.6.2.jar:na]
	at org.apache.kafka.common.network.Selector.pollSelectionKeys(Selector.java:526) ~[kafka-clients-3.6.2.jar:na]
	at org.apache.kafka.common.network.Selector.poll(Selector.java:481) ~[kafka-clients-3.6.2.jar:na]
	at org.apache.kafka.clients.NetworkClient.poll(NetworkClient.java:571) ~[kafka-clients-3.6.2.jar:na]
	at org.apache.kafka.clients.consumer.internals.ConsumerNetworkClient.poll(ConsumerNetworkClient.java:280) ~[kafka-clients-3.6.2.jar:na]
	at org.apache.kafka.clients.consumer.internals.ConsumerNetworkClient.poll(ConsumerNetworkClient.java:251) ~[kafka-clients-3.6.2.jar:na]
	at org.apache.kafka.clients.consumer.internals.ConsumerNetworkClient.poll(ConsumerNetworkClient.java:242) ~[kafka-clients-3.6.2.jar:na]
	at org.apache.kafka.clients.consumer.internals.ConsumerNetworkClient.awaitMetadataUpdate(ConsumerNetworkClient.java:164) ~[kafka-clients-3.6.2.jar:na]
	at org.apache.kafka.clients.consumer.internals.AbstractCoordinator.ensureCoordinatorReady(AbstractCoordinator.java:277) ~[kafka-clients-3.6.2.jar:na]
	at org.apache.kafka.clients.consumer.internals.AbstractCoordinator.ensureCoordinatorReady(AbstractCoordinator.java:240) ~[kafka-clients-3.6.2.jar:na]
	at org.apache.kafka.clients.consumer.internals.ConsumerCoordinator.coordinatorUnknownAndUnreadySync(ConsumerCoordinator.java:504) ~[kafka-clients-3.6.2.jar:na]
	at org.apache.kafka.clients.consumer.internals.ConsumerCoordinator.poll(ConsumerCoordinator.java:536) ~[kafka-clients-3.6.2.jar:na]
	at org.apache.kafka.clients.consumer.KafkaConsumer.updateAssignmentMetadataIfNeeded(KafkaConsumer.java:1220) ~[kafka-clients-3.6.2.jar:na]
	at org.apache.kafka.clients.consumer.KafkaConsumer.poll(KafkaConsumer.java:1179) ~[kafka-clients-3.6.2.jar:na]
	at org.apache.kafka.clients.consumer.KafkaConsumer.poll(KafkaConsumer.java:1159) ~[kafka-clients-3.6.2.jar:na]
	at org.springframework.kafka.listener.KafkaMessageListenerContainer$ListenerConsumer.pollConsumer(KafkaMessageListenerContainer.java:1726) ~[spring-kafka-3.0.6.jar:3.0.6]
	at org.springframework.kafka.listener.KafkaMessageListenerContainer$ListenerConsumer.doPoll(KafkaMessageListenerContainer.java:1701) ~[spring-kafka-3.0.6.jar:3.0.6]
	at org.springframework.kafka.listener.KafkaMessageListenerContainer$ListenerConsumer.pollAndInvoke(KafkaMessageListenerContainer.java:1502) ~[spring-kafka-3.0.6.jar:3.0.6]
	at org.springframework.kafka.listener.KafkaMessageListenerContainer$ListenerConsumer.run(KafkaMessageListenerContainer.java:1394) ~[spring-kafka-3.0.6.jar:3.0.6]
	at java.base/java.util.concurrent.CompletableFuture$AsyncRun.run(CompletableFuture.java:1804) ~[na:na]
	at java.base/java.lang.Thread.run(Thread.java:840) ~[na:na]

2025-06-15T01:13:48.498+01:00  INFO 204138 --- [user-service] [ntainer#0-0-C-1] org.apache.kafka.clients.NetworkClient   : [Consumer clientId=consumer-leaderboard-group-1, groupId=leaderboard-group] Node -1 disconnected.
2025-06-15T01:13:48.499+01:00  WARN 204138 --- [user-service] [ntainer#0-0-C-1] org.apache.kafka.clients.NetworkClient   : [Consumer clientId=consumer-leaderboard-group-1, groupId=leaderboard-group] Connection to node -1 (localhost/127.0.0.1:9092) could not be established. Broker may not be available.
2025-06-15T01:13:48.499+01:00  WARN 204138 --- [user-service] [ntainer#0-0-C-1] org.apache.kafka.clients.NetworkClient   : [Consumer clientId=consumer-leaderboard-group-1, groupId=leaderboard-group] Bootstrap broker localhost:9092 (id: -1 rack: null) disconnected
2025-06-15T01:13:48.598+01:00 DEBUG 204138 --- [user-service] [ntainer#0-0-C-1] org.apache.kafka.clients.NetworkClient   : [Consumer clientId=consumer-leaderboard-group-1, groupId=leaderboard-group] Initialize connection to node localhost:9092 (id: -1 rack: null) for sending metadata request
2025-06-15T01:13:48.599+01:00 DEBUG 204138 --- [user-service] [ntainer#0-0-C-1] org.apache.kafka.clients.ClientUtils     : Resolved host localhost as 127.0.0.1
2025-06-15T01:13:48.599+01:00 DEBUG 204138 --- [user-service] [ntainer#0-0-C-1] o.a.k.clients.ClusterConnectionStates    : [Consumer clientId=consumer-leaderboard-group-1, groupId=leaderboard-group] Resolved host localhost to addresses [localhost/127.0.0.1]
2025-06-15T01:13:48.599+01:00 DEBUG 204138 --- [user-service] [ntainer#0-0-C-1] org.apache.kafka.clients.NetworkClient   : [Consumer clientId=consumer-leaderboard-group-1, groupId=leaderboard-group] Initiating connection to node localhost:9092 (id: -1 rack: null) using address localhost/127.0.0.1
2025-06-15T01:13:48.600+01:00 DEBUG 204138 --- [user-service] [ntainer#0-0-C-1] o.apache.kafka.common.network.Selector   : [Consumer clientId=consumer-leaderboard-group-1, groupId=leaderboard-group] Connection with localhost/127.0.0.1 (channelId=-1) disconnected

java.net.ConnectException: Connection refused
	at java.base/sun.nio.ch.Net.pollConnect(Native Method) ~[na:na]
	at java.base/sun.nio.ch.Net.pollConnectNow(Net.java:672) ~[na:na]
	at java.base/sun.nio.ch.SocketChannelImpl.finishConnect(SocketChannelImpl.java:946) ~[na:na]
	at org.apache.kafka.common.network.PlaintextTransportLayer.finishConnect(PlaintextTransportLayer.java:50) ~[kafka-clients-3.6.2.jar:na]
	at org.apache.kafka.common.network.KafkaChannel.finishConnect(KafkaChannel.java:224) ~[kafka-clients-3.6.2.jar:na]
	at org.apache.kafka.common.network.Selector.pollSelectionKeys(Selector.java:526) ~[kafka-clients-3.6.2.jar:na]
	at org.apache.kafka.common.network.Selector.poll(Selector.java:481) ~[kafka-clients-3.6.2.jar:na]
	at org.apache.kafka.clients.NetworkClient.poll(NetworkClient.java:571) ~[kafka-clients-3.6.2.jar:na]
	at org.apache.kafka.clients.consumer.internals.ConsumerNetworkClient.poll(ConsumerNetworkClient.java:280) ~[kafka-clients-3.6.2.jar:na]
	at org.apache.kafka.clients.consumer.internals.ConsumerNetworkClient.poll(ConsumerNetworkClient.java:251) ~[kafka-clients-3.6.2.jar:na]
	at org.apache.kafka.clients.consumer.internals.ConsumerNetworkClient.poll(ConsumerNetworkClient.java:242) ~[kafka-clients-3.6.2.jar:na]
	at org.apache.kafka.clients.consumer.internals.ConsumerNetworkClient.awaitMetadataUpdate(ConsumerNetworkClient.java:164) ~[kafka-clients-3.6.2.jar:na]
	at org.apache.kafka.clients.consumer.internals.AbstractCoordinator.ensureCoordinatorReady(AbstractCoordinator.java:277) ~[kafka-clients-3.6.2.jar:na]
	at org.apache.kafka.clients.consumer.internals.AbstractCoordinator.ensureCoordinatorReady(AbstractCoordinator.java:240) ~[kafka-clients-3.6.2.jar:na]
	at org.apache.kafka.clients.consumer.internals.ConsumerCoordinator.coordinatorUnknownAndUnreadySync(ConsumerCoordinator.java:504) ~[kafka-clients-3.6.2.jar:na]
	at org.apache.kafka.clients.consumer.internals.ConsumerCoordinator.poll(ConsumerCoordinator.java:536) ~[kafka-clients-3.6.2.jar:na]
	at org.apache.kafka.clients.consumer.KafkaConsumer.updateAssignmentMetadataIfNeeded(KafkaConsumer.java:1220) ~[kafka-clients-3.6.2.jar:na]
	at org.apache.kafka.clients.consumer.KafkaConsumer.poll(KafkaConsumer.java:1179) ~[kafka-clients-3.6.2.jar:na]
	at org.apache.kafka.clients.consumer.KafkaConsumer.poll(KafkaConsumer.java:1159) ~[kafka-clients-3.6.2.jar:na]
	at org.springframework.kafka.listener.KafkaMessageListenerContainer$ListenerConsumer.pollConsumer(KafkaMessageListenerContainer.java:1726) ~[spring-kafka-3.0.6.jar:3.0.6]
	at org.springframework.kafka.listener.KafkaMessageListenerContainer$ListenerConsumer.doPoll(KafkaMessageListenerContainer.java:1701) ~[spring-kafka-3.0.6.jar:3.0.6]
	at org.springframework.kafka.listener.KafkaMessageListenerContainer$ListenerConsumer.pollAndInvoke(KafkaMessageListenerContainer.java:1502) ~[spring-kafka-3.0.6.jar:3.0.6]
	at org.springframework.kafka.listener.KafkaMessageListenerContainer$ListenerConsumer.run(KafkaMessageListenerContainer.java:1394) ~[spring-kafka-3.0.6.jar:3.0.6]
	at java.base/java.util.concurrent.CompletableFuture$AsyncRun.run(CompletableFuture.java:1804) ~[na:na]
	at java.base/java.lang.Thread.run(Thread.java:840) ~[na:na]

2025-06-15T01:13:48.601+01:00  INFO 204138 --- [user-service] [ntainer#0-0-C-1] org.apache.kafka.clients.NetworkClient   : [Consumer clientId=consumer-leaderboard-group-1, groupId=leaderboard-group] Node -1 disconnected.
2025-06-15T01:13:48.602+01:00  WARN 204138 --- [user-service] [ntainer#0-0-C-1] org.apache.kafka.clients.NetworkClient   : [Consumer clientId=consumer-leaderboard-group-1, groupId=leaderboard-group] Connection to node -1 (localhost/127.0.0.1:9092) could not be established. Broker may not be available.
2025-06-15T01:13:48.602+01:00  WARN 204138 --- [user-service] [ntainer#0-0-C-1] org.apache.kafka.clients.NetworkClient   : [Consumer clientId=consumer-leaderboard-group-1, groupId=leaderboard-group] Bootstrap broker localhost:9092 (id: -1 rack: null) disconnected
2025-06-15T01:13:48.701+01:00 DEBUG 204138 --- [user-service] [ntainer#0-0-C-1] org.apache.kafka.clients.NetworkClient   : [Consumer clientId=consumer-leaderboard-group-1, groupId=leaderboard-group] Give up sending metadata request since no node is available
]]></system-out>
  </testcase>
</testsuite>